[ 2020-04-13T15:23:13+08:00 ] 113.78.12.55 /index.php/systemlogined/member/address_manage
INFO: [ route_check ] --START--
INFO: Run CheckRoute Behavior [ RunTime:0.000488s ]
INFO: [ route_check ] --END-- [ RunTime:0.000602s ]
NOTIC: [8192] preg_replace(): The /e modifier is deprecated, use preg_replace_callback instead /www/wwwroot/ipfs/porter/ThinkPHP/Lib/Core/Dispatcher.class.php 第 249 行.
NOTIC: [8192] preg_replace(): The /e modifier is deprecated, use preg_replace_callback instead /www/wwwroot/ipfs/porter/ThinkPHP/Common/common.php 第 341 行.
NOTIC: [2] stripslashes() expects exactly 1 parameter, 2 given /www/wwwroot/ipfs/porter/ThinkPHP/Lib/Core/App.class.php 第 113 行.
NOTIC: [2] stripslashes() expects exactly 1 parameter, 2 given /www/wwwroot/ipfs/porter/ThinkPHP/Lib/Core/App.class.php 第 113 行.
NOTIC: [2] stripslashes() expects exactly 1 parameter, 2 given /www/wwwroot/ipfs/porter/ThinkPHP/Lib/Core/App.class.php 第 113 行.
INFO: [ app_begin ] --START--
INFO: Run CheckLang Behavior [ RunTime:0.000660s ]
INFO: [ app_begin ] --END-- [ RunTime:0.000714s ]
NOTIC: [8] A session had already been started - ignoring session_start() /www/wwwroot/ipfs/porter/ThinkPHP/Common/functions.php 第 1131 行.
NOTIC: [8192] mysql_connect(): The mysql extension is deprecated and will be removed in the future: use mysqli or PDO instead /www/wwwroot/ipfs/porter/ThinkPHP/Lib/Driver/Db/DbMysql.class.php 第 109 行.
SQL: SHOW COLUMNS FROM `ds_address` [ RunTime:0.001142s ]
NOTIC: [8192] preg_replace(): The /e modifier is deprecated, use preg_replace_callback instead /www/wwwroot/ipfs/porter/ThinkPHP/Lib/Core/Db.class.php 第 1201 行.
SQL: SELECT * FROM `ds_address` WHERE ( `id` = 1 ) LIMIT 1   [ RunTime:0.000258s ]
INFO: [ view_template ] --START--
INFO: Run LocationTemplate Behavior [ RunTime:0.000351s ]
INFO: [ view_template ] --END-- [ RunTime:0.000386s ]
INFO: [ view_parse ] --START--
NOTIC: [8192] preg_replace(): The /e modifier is deprecated, use preg_replace_callback instead /www/wwwroot/ipfs/porter/ThinkPHP/Lib/Template/ThinkTemplate.class.php 第 545 行.
NOTIC: [8192] preg_replace(): The /e modifier is deprecated, use preg_replace_callback instead /www/wwwroot/ipfs/porter/ThinkPHP/Lib/Template/ThinkTemplate.class.php 第 545 行.
NOTIC: [8192] preg_replace(): The /e modifier is deprecated, use preg_replace_callback instead /www/wwwroot/ipfs/porter/ThinkPHP/Lib/Template/ThinkTemplate.class.php 第 545 行.
NOTIC: [8192] preg_replace(): The /e modifier is deprecated, use preg_replace_callback instead /www/wwwroot/ipfs/porter/ThinkPHP/Lib/Template/ThinkTemplate.class.php 第 335 行.
NOTIC: [8192] preg_replace(): The /e modifier is deprecated, use preg_replace_callback instead /www/wwwroot/ipfs/porter/ThinkPHP/Lib/Template/ThinkTemplate.class.php 第 807 行.
NOTIC: [8192] preg_replace(): The /e modifier is deprecated, use preg_replace_callback instead /www/wwwroot/ipfs/porter/ThinkPHP/Lib/Template/ThinkTemplate.class.php 第 807 行.
NOTIC: [8192] preg_replace(): The /e modifier is deprecated, use preg_replace_callback instead /www/wwwroot/ipfs/porter/ThinkPHP/Lib/Template/ThinkTemplate.class.php 第 807 行.
NOTIC: [8192] preg_replace(): The /e modifier is deprecated, use preg_replace_callback instead /www/wwwroot/ipfs/porter/ThinkPHP/Lib/Template/ThinkTemplate.class.php 第 807 行.
NOTIC: [8192] preg_replace(): The /e modifier is deprecated, use preg_replace_callback instead /www/wwwroot/ipfs/porter/ThinkPHP/Lib/Template/ThinkTemplate.class.php 第 807 行.
NOTIC: [8192] preg_replace(): The /e modifier is deprecated, use preg_replace_callback instead /www/wwwroot/ipfs/porter/ThinkPHP/Lib/Template/ThinkTemplate.class.php 第 807 行.
NOTIC: [8192] preg_replace(): The /e modifier is deprecated, use preg_replace_callback instead /www/wwwroot/ipfs/porter/ThinkPHP/Lib/Template/ThinkTemplate.class.php 第 807 行.
NOTIC: [8192] preg_replace(): The /e modifier is deprecated, use preg_replace_callback instead /www/wwwroot/ipfs/porter/ThinkPHP/Lib/Template/ThinkTemplate.class.php 第 807 行.
NOTIC: [8192] preg_replace(): The /e modifier is deprecated, use preg_replace_callback instead /www/wwwroot/ipfs/porter/ThinkPHP/Lib/Template/ThinkTemplate.class.php 第 807 行.
NOTIC: [8192] preg_replace(): The /e modifier is deprecated, use preg_replace_callback instead /www/wwwroot/ipfs/porter/ThinkPHP/Lib/Template/ThinkTemplate.class.php 第 807 行.
NOTIC: [8192] preg_replace(): The /e modifier is deprecated, use preg_replace_callback instead /www/wwwroot/ipfs/porter/ThinkPHP/Lib/Template/ThinkTemplate.class.php 第 807 行.
NOTIC: [8192] preg_replace(): The /e modifier is deprecated, use preg_replace_callback instead /www/wwwroot/ipfs/porter/ThinkPHP/Lib/Template/ThinkTemplate.class.php 第 807 行.
NOTIC: [8192] preg_replace(): The /e modifier is deprecated, use preg_replace_callback instead /www/wwwroot/ipfs/porter/ThinkPHP/Lib/Template/ThinkTemplate.class.php 第 797 行.
NOTIC: [8192] preg_replace(): The /e modifier is deprecated, use preg_replace_callback instead /www/wwwroot/ipfs/porter/ThinkPHP/Lib/Template/ThinkTemplate.class.php 第 797 行.
NOTIC: [8192] preg_replace(): The /e modifier is deprecated, use preg_replace_callback instead /www/wwwroot/ipfs/porter/ThinkPHP/Lib/Template/ThinkTemplate.class.php 第 807 行.
NOTIC: [8192] preg_replace(): The /e modifier is deprecated, use preg_replace_callback instead /www/wwwroot/ipfs/porter/ThinkPHP/Lib/Template/ThinkTemplate.class.php 第 807 行.
NOTIC: [8192] preg_replace(): The /e modifier is deprecated, use preg_replace_callback instead /www/wwwroot/ipfs/porter/ThinkPHP/Lib/Template/ThinkTemplate.class.php 第 807 行.
NOTIC: [8192] preg_replace(): The /e modifier is deprecated, use preg_replace_callback instead /www/wwwroot/ipfs/porter/ThinkPHP/Lib/Template/ThinkTemplate.class.php 第 797 行.
NOTIC: [8192] preg_replace(): The /e modifier is deprecated, use preg_replace_callback instead /www/wwwroot/ipfs/porter/ThinkPHP/Lib/Template/ThinkTemplate.class.php 第 807 行.
NOTIC: [8192] preg_replace(): The /e modifier is deprecated, use preg_replace_callback instead /www/wwwroot/ipfs/porter/ThinkPHP/Lib/Template/ThinkTemplate.class.php 第 807 行.
NOTIC: [8192] preg_replace(): The /e modifier is deprecated, use preg_replace_callback instead /www/wwwroot/ipfs/porter/ThinkPHP/Lib/Template/ThinkTemplate.class.php 第 807 行.
NOTIC: [8192] preg_replace(): The /e modifier is deprecated, use preg_replace_callback instead /www/wwwroot/ipfs/porter/ThinkPHP/Lib/Template/ThinkTemplate.class.php 第 807 行.
NOTIC: [8192] preg_replace(): The /e modifier is deprecated, use preg_replace_callback instead /www/wwwroot/ipfs/porter/ThinkPHP/Lib/Template/ThinkTemplate.class.php 第 807 行.
NOTIC: [8192] preg_replace(): The /e modifier is deprecated, use preg_replace_callback instead /www/wwwroot/ipfs/porter/ThinkPHP/Lib/Template/ThinkTemplate.class.php 第 807 行.
NOTIC: [8192] preg_replace(): The /e modifier is deprecated, use preg_replace_callback instead /www/wwwroot/ipfs/porter/ThinkPHP/Lib/Template/ThinkTemplate.class.php 第 807 行.
NOTIC: [8192] preg_replace(): The /e modifier is deprecated, use preg_replace_callback instead /www/wwwroot/ipfs/porter/ThinkPHP/Lib/Template/ThinkTemplate.class.php 第 807 行.
NOTIC: [8192] preg_replace(): The /e modifier is deprecated, use preg_replace_callback instead /www/wwwroot/ipfs/porter/ThinkPHP/Lib/Template/ThinkTemplate.class.php 第 807 行.
NOTIC: [8192] preg_replace(): The /e modifier is deprecated, use preg_replace_callback instead /www/wwwroot/ipfs/porter/ThinkPHP/Lib/Template/ThinkTemplate.class.php 第 807 行.
NOTIC: [8192] preg_replace(): The /e modifier is deprecated, use preg_replace_callback instead /www/wwwroot/ipfs/porter/ThinkPHP/Lib/Template/ThinkTemplate.class.php 第 807 行.
NOTIC: [8192] preg_replace(): The /e modifier is deprecated, use preg_replace_callback instead /www/wwwroot/ipfs/porter/ThinkPHP/Lib/Template/ThinkTemplate.class.php 第 807 行.
NOTIC: [8192] preg_replace(): The /e modifier is deprecated, use preg_replace_callback instead /www/wwwroot/ipfs/porter/ThinkPHP/Lib/Template/ThinkTemplate.class.php 第 807 行.
NOTIC: [8192] preg_replace(): The /e modifier is deprecated, use preg_replace_callback instead /www/wwwroot/ipfs/porter/ThinkPHP/Lib/Template/ThinkTemplate.class.php 第 807 行.
NOTIC: [8192] preg_replace(): The /e modifier is deprecated, use preg_replace_callback instead /www/wwwroot/ipfs/porter/ThinkPHP/Lib/Template/ThinkTemplate.class.php 第 807 行.
NOTIC: [8192] preg_replace(): The /e modifier is deprecated, use preg_replace_callback instead /www/wwwroot/ipfs/porter/ThinkPHP/Lib/Template/ThinkTemplate.class.php 第 807 行.
NOTIC: [8192] preg_replace(): The /e modifier is deprecated, use preg_replace_callback instead /www/wwwroot/ipfs/porter/ThinkPHP/Lib/Template/ThinkTemplate.class.php 第 807 行.
NOTIC: [8192] preg_replace(): The /e modifier is deprecated, use preg_replace_callback instead /www/wwwroot/ipfs/porter/ThinkPHP/Lib/Template/ThinkTemplate.class.php 第 807 行.
NOTIC: [8192] preg_replace(): The /e modifier is deprecated, use preg_replace_callback instead /www/wwwroot/ipfs/porter/ThinkPHP/Lib/Template/ThinkTemplate.class.php 第 807 行.
NOTIC: [8192] preg_replace(): The /e modifier is deprecated, use preg_replace_callback instead /www/wwwroot/ipfs/porter/ThinkPHP/Lib/Template/ThinkTemplate.class.php 第 807 行.
NOTIC: [8192] preg_replace(): The /e modifier is deprecated, use preg_replace_callback instead /www/wwwroot/ipfs/porter/ThinkPHP/Lib/Template/ThinkTemplate.class.php 第 807 行.
NOTIC: [8192] preg_replace(): The /e modifier is deprecated, use preg_replace_callback instead /www/wwwroot/ipfs/porter/ThinkPHP/Lib/Template/ThinkTemplate.class.php 第 807 行.
NOTIC: [8192] preg_replace(): The /e modifier is deprecated, use preg_replace_callback instead /www/wwwroot/ipfs/porter/ThinkPHP/Lib/Template/ThinkTemplate.class.php 第 807 行.
NOTIC: [8192] preg_replace(): The /e modifier is deprecated, use preg_replace_callback instead /www/wwwroot/ipfs/porter/ThinkPHP/Lib/Template/ThinkTemplate.class.php 第 807 行.
NOTIC: [8192] preg_replace(): The /e modifier is deprecated, use preg_replace_callback instead /www/wwwroot/ipfs/porter/ThinkPHP/Lib/Template/ThinkTemplate.class.php 第 807 行.
NOTIC: [8192] preg_replace(): The /e modifier is deprecated, use preg_replace_callback instead /www/wwwroot/ipfs/porter/ThinkPHP/Lib/Template/ThinkTemplate.class.php 第 807 行.
NOTIC: [8192] preg_replace(): The /e modifier is deprecated, use preg_replace_callback instead /www/wwwroot/ipfs/porter/ThinkPHP/Lib/Template/ThinkTemplate.class.php 第 807 行.
NOTIC: [8192] preg_replace(): The /e modifier is deprecated, use preg_replace_callback instead /www/wwwroot/ipfs/porter/ThinkPHP/Lib/Template/ThinkTemplate.class.php 第 807 行.
NOTIC: [8192] preg_replace(): The /e modifier is deprecated, use preg_replace_callback instead /www/wwwroot/ipfs/porter/ThinkPHP/Lib/Template/ThinkTemplate.class.php 第 807 行.
NOTIC: [8192] preg_replace(): The /e modifier is deprecated, use preg_replace_callback instead /www/wwwroot/ipfs/porter/ThinkPHP/Lib/Template/ThinkTemplate.class.php 第 807 行.
NOTIC: [8192] preg_replace(): The /e modifier is deprecated, use preg_replace_callback instead /www/wwwroot/ipfs/porter/ThinkPHP/Lib/Template/ThinkTemplate.class.php 第 807 行.
NOTIC: [8192] preg_replace(): The /e modifier is deprecated, use preg_replace_callback instead /www/wwwroot/ipfs/porter/ThinkPHP/Lib/Template/ThinkTemplate.class.php 第 807 行.
NOTIC: [8192] preg_replace(): The /e modifier is deprecated, use preg_replace_callback instead /www/wwwroot/ipfs/porter/ThinkPHP/Lib/Template/ThinkTemplate.class.php 第 807 行.
NOTIC: [8192] preg_replace(): The /e modifier is deprecated, use preg_replace_callback instead /www/wwwroot/ipfs/porter/ThinkPHP/Lib/Template/ThinkTemplate.class.php 第 807 行.
NOTIC: [8192] preg_replace(): The /e modifier is deprecated, use preg_replace_callback instead /www/wwwroot/ipfs/porter/ThinkPHP/Lib/Template/ThinkTemplate.class.php 第 807 行.
NOTIC: [8192] preg_replace(): The /e modifier is deprecated, use preg_replace_callback instead /www/wwwroot/ipfs/porter/ThinkPHP/Lib/Template/ThinkTemplate.class.php 第 807 行.
NOTIC: [8192] preg_replace(): The /e modifier is deprecated, use preg_replace_callback instead /www/wwwroot/ipfs/porter/ThinkPHP/Lib/Template/ThinkTemplate.class.php 第 807 行.
NOTIC: [8192] preg_replace(): The /e modifier is deprecated, use preg_replace_callback instead /www/wwwroot/ipfs/porter/ThinkPHP/Lib/Template/ThinkTemplate.class.php 第 807 行.
NOTIC: [8192] preg_replace(): The /e modifier is deprecated, use preg_replace_callback instead /www/wwwroot/ipfs/porter/ThinkPHP/Lib/Template/ThinkTemplate.class.php 第 807 行.
NOTIC: [8192] preg_replace(): The /e modifier is deprecated, use preg_replace_callback instead /www/wwwroot/ipfs/porter/ThinkPHP/Lib/Template/ThinkTemplate.class.php 第 807 行.
NOTIC: [8192] preg_replace(): The /e modifier is deprecated, use preg_replace_callback instead /www/wwwroot/ipfs/porter/ThinkPHP/Lib/Template/ThinkTemplate.class.php 第 807 行.
NOTIC: [8192] preg_replace(): The /e modifier is deprecated, use preg_replace_callback instead /www/wwwroot/ipfs/porter/ThinkPHP/Lib/Template/ThinkTemplate.class.php 第 807 行.
NOTIC: [8192] preg_replace(): The /e modifier is deprecated, use preg_replace_callback instead /www/wwwroot/ipfs/porter/ThinkPHP/Lib/Template/ThinkTemplate.class.php 第 807 行.
NOTIC: [8192] preg_replace(): The /e modifier is deprecated, use preg_replace_callback instead /www/wwwroot/ipfs/porter/ThinkPHP/Lib/Template/ThinkTemplate.class.php 第 807 行.
NOTIC: [8192] preg_replace(): The /e modifier is deprecated, use preg_replace_callback instead /www/wwwroot/ipfs/porter/ThinkPHP/Lib/Template/ThinkTemplate.class.php 第 807 行.
NOTIC: [8192] preg_replace(): The /e modifier is deprecated, use preg_replace_callback instead /www/wwwroot/ipfs/porter/ThinkPHP/Lib/Template/ThinkTemplate.class.php 第 807 行.
NOTIC: [8192] preg_replace(): The /e modifier is deprecated, use preg_replace_callback instead /www/wwwroot/ipfs/porter/ThinkPHP/Lib/Template/ThinkTemplate.class.php 第 807 行.
NOTIC: [8192] preg_replace(): The /e modifier is deprecated, use preg_replace_callback instead /www/wwwroot/ipfs/porter/ThinkPHP/Lib/Template/ThinkTemplate.class.php 第 807 行.
NOTIC: [8192] preg_replace(): The /e modifier is deprecated, use preg_replace_callback instead /www/wwwroot/ipfs/porter/ThinkPHP/Lib/Template/ThinkTemplate.class.php 第 807 行.
NOTIC: [8192] preg_replace(): The /e modifier is deprecated, use preg_replace_callback instead /www/wwwroot/ipfs/porter/ThinkPHP/Lib/Template/ThinkTemplate.class.php 第 807 行.
NOTIC: [8192] preg_replace(): The /e modifier is deprecated, use preg_replace_callback instead /www/wwwroot/ipfs/porter/ThinkPHP/Lib/Template/ThinkTemplate.class.php 第 807 行.
NOTIC: [8192] preg_replace(): The /e modifier is deprecated, use preg_replace_callback instead /www/wwwroot/ipfs/porter/ThinkPHP/Lib/Template/ThinkTemplate.class.php 第 807 行.
NOTIC: [8192] preg_replace(): The /e modifier is deprecated, use preg_replace_callback instead /www/wwwroot/ipfs/porter/ThinkPHP/Lib/Template/ThinkTemplate.class.php 第 807 行.
NOTIC: [8192] preg_replace(): The /e modifier is deprecated, use preg_replace_callback instead /www/wwwroot/ipfs/porter/ThinkPHP/Lib/Template/ThinkTemplate.class.php 第 807 行.
NOTIC: [8192] preg_replace(): The /e modifier is deprecated, use preg_replace_callback instead /www/wwwroot/ipfs/porter/ThinkPHP/Lib/Template/ThinkTemplate.class.php 第 807 行.
NOTIC: [8192] preg_replace(): The /e modifier is deprecated, use preg_replace_callback instead /www/wwwroot/ipfs/porter/ThinkPHP/Lib/Template/ThinkTemplate.class.php 第 807 行.
NOTIC: [8192] preg_replace(): The /e modifier is deprecated, use preg_replace_callback instead /www/wwwroot/ipfs/porter/ThinkPHP/Lib/Template/ThinkTemplate.class.php 第 807 行.
NOTIC: [8192] preg_replace(): The /e modifier is deprecated, use preg_replace_callback instead /www/wwwroot/ipfs/porter/ThinkPHP/Lib/Template/ThinkTemplate.class.php 第 807 行.
NOTIC: [8192] preg_replace(): The /e modifier is deprecated, use preg_replace_callback instead /www/wwwroot/ipfs/porter/ThinkPHP/Lib/Template/ThinkTemplate.class.php 第 807 行.
NOTIC: [8192] preg_replace(): The /e modifier is deprecated, use preg_replace_callback instead /www/wwwroot/ipfs/porter/ThinkPHP/Lib/Template/ThinkTemplate.class.php 第 807 行.
NOTIC: [8192] preg_replace(): The /e modifier is deprecated, use preg_replace_callback instead /www/wwwroot/ipfs/porter/ThinkPHP/Lib/Template/ThinkTemplate.class.php 第 807 行.
NOTIC: [8192] preg_replace(): The /e modifier is deprecated, use preg_replace_callback instead /www/wwwroot/ipfs/porter/ThinkPHP/Lib/Template/ThinkTemplate.class.php 第 807 行.
NOTIC: [8192] preg_replace(): The /e modifier is deprecated, use preg_replace_callback instead /www/wwwroot/ipfs/porter/ThinkPHP/Lib/Template/ThinkTemplate.class.php 第 807 行.
NOTIC: [8192] preg_replace(): The /e modifier is deprecated, use preg_replace_callback instead /www/wwwroot/ipfs/porter/ThinkPHP/Lib/Template/ThinkTemplate.class.php 第 807 行.
NOTIC: [8192] preg_replace(): The /e modifier is deprecated, use preg_replace_callback instead /www/wwwroot/ipfs/porter/ThinkPHP/Lib/Template/ThinkTemplate.class.php 第 807 行.
NOTIC: [8192] preg_replace(): The /e modifier is deprecated, use preg_replace_callback instead /www/wwwroot/ipfs/porter/ThinkPHP/Lib/Template/ThinkTemplate.class.php 第 807 行.
NOTIC: [8192] preg_replace(): The /e modifier is deprecated, use preg_replace_callback instead /www/wwwroot/ipfs/porter/ThinkPHP/Lib/Template/ThinkTemplate.class.php 第 797 行.
NOTIC: [8192] preg_replace(): The /e modifier is deprecated, use preg_replace_callback instead /www/wwwroot/ipfs/porter/ThinkPHP/Lib/Template/ThinkTemplate.class.php 第 797 行.
NOTIC: [8192] preg_replace(): The /e modifier is deprecated, use preg_replace_callback instead /www/wwwroot/ipfs/porter/ThinkPHP/Lib/Template/ThinkTemplate.class.php 第 797 行.
NOTIC: [8192] preg_replace(): The /e modifier is deprecated, use preg_replace_callback instead /www/wwwroot/ipfs/porter/ThinkPHP/Lib/Template/ThinkTemplate.class.php 第 797 行.
NOTIC: [8192] preg_replace(): The /e modifier is deprecated, use preg_replace_callback instead /www/wwwroot/ipfs/porter/ThinkPHP/Lib/Template/ThinkTemplate.class.php 第 797 行.
NOTIC: [8192] preg_replace(): The /e modifier is deprecated, use preg_replace_callback instead /www/wwwroot/ipfs/porter/ThinkPHP/Lib/Template/ThinkTemplate.class.php 第 797 行.
NOTIC: [8192] preg_replace(): The /e modifier is deprecated, use preg_replace_callback instead /www/wwwroot/ipfs/porter/ThinkPHP/Lib/Template/ThinkTemplate.class.php 第 807 行.
NOTIC: [8192] preg_replace(): The /e modifier is deprecated, use preg_replace_callback instead /www/wwwroot/ipfs/porter/ThinkPHP/Lib/Template/ThinkTemplate.class.php 第 807 行.
NOTIC: [8192] preg_replace(): The /e modifier is deprecated, use preg_replace_callback instead /www/wwwroot/ipfs/porter/ThinkPHP/Lib/Template/ThinkTemplate.class.php 第 807 行.
NOTIC: [8192] preg_replace(): The /e modifier is deprecated, use preg_replace_callback instead /www/wwwroot/ipfs/porter/ThinkPHP/Lib/Template/ThinkTemplate.class.php 第 393 行.
NOTIC: [8192] preg_replace(): The /e modifier is deprecated, use preg_replace_callback instead /www/wwwroot/ipfs/porter/ThinkPHP/Lib/Template/ThinkTemplate.class.php 第 273 行.
INFO: Run ParseTemplate Behavior [ RunTime:0.018275s ]
INFO: [ view_parse ] --END-- [ RunTime:0.018339s ]
INFO: [ view_filter ] --START--
INFO: Run ContentReplace Behavior [ RunTime:0.000334s ]
INFO: Run TokenBuild Behavior [ RunTime:0.000316s ]
INFO: Run WriteHtmlCache Behavior [ RunTime:0.000215s ]
INFO: Run ShowRuntime Behavior [ RunTime:0.000335s ]
INFO: [ view_filter ] --END-- [ RunTime:0.001329s ]
INFO: [ view_end ] --START--
INFO: Run ShowPageTrace Behavior [ RunTime:0.000472s ]
INFO: [ view_end ] --END-- [ RunTime:0.000521s ]

[ 2020-04-13T15:59:35+08:00 ] 113.78.12.55 /index.php/systemlogined/member/shequn
INFO: [ route_check ] --START--
INFO: Run CheckRoute Behavior [ RunTime:0.000519s ]
INFO: [ route_check ] --END-- [ RunTime:0.000627s ]
NOTIC: [8192] preg_replace(): The /e modifier is deprecated, use preg_replace_callback instead /www/wwwroot/ipfs/porter/ThinkPHP/Lib/Core/Dispatcher.class.php 第 249 行.
NOTIC: [8192] preg_replace(): The /e modifier is deprecated, use preg_replace_callback instead /www/wwwroot/ipfs/porter/ThinkPHP/Common/common.php 第 341 行.
NOTIC: [2] stripslashes() expects exactly 1 parameter, 2 given /www/wwwroot/ipfs/porter/ThinkPHP/Lib/Core/App.class.php 第 113 行.
NOTIC: [2] stripslashes() expects exactly 1 parameter, 2 given /www/wwwroot/ipfs/porter/ThinkPHP/Lib/Core/App.class.php 第 113 行.
NOTIC: [2] stripslashes() expects exactly 1 parameter, 2 given /www/wwwroot/ipfs/porter/ThinkPHP/Lib/Core/App.class.php 第 113 行.
INFO: [ app_begin ] --START--
INFO: Run CheckLang Behavior [ RunTime:0.000539s ]
INFO: [ app_begin ] --END-- [ RunTime:0.000578s ]
NOTIC: [8] A session had already been started - ignoring session_start() /www/wwwroot/ipfs/porter/ThinkPHP/Common/functions.php 第 1131 行.
NOTIC: [8192] mysql_connect(): The mysql extension is deprecated and will be removed in the future: use mysqli or PDO instead /www/wwwroot/ipfs/porter/ThinkPHP/Lib/Driver/Db/DbMysql.class.php 第 109 行.
SQL: SHOW COLUMNS FROM `ds_shequn` [ RunTime:0.001061s ]
NOTIC: [8192] preg_replace(): The /e modifier is deprecated, use preg_replace_callback instead /www/wwwroot/ipfs/porter/ThinkPHP/Lib/Core/Db.class.php 第 1201 行.
SQL: SELECT * FROM `ds_shequn`  [ RunTime:0.000222s ]
INFO: [ view_template ] --START--
INFO: Run LocationTemplate Behavior [ RunTime:0.000326s ]
INFO: [ view_template ] --END-- [ RunTime:0.000359s ]
INFO: [ view_parse ] --START--
NOTIC: [8192] preg_replace(): The /e modifier is deprecated, use preg_replace_callback instead /www/wwwroot/ipfs/porter/ThinkPHP/Lib/Template/ThinkTemplate.class.php 第 545 行.
NOTIC: [8192] preg_replace(): The /e modifier is deprecated, use preg_replace_callback instead /www/wwwroot/ipfs/porter/ThinkPHP/Lib/Template/ThinkTemplate.class.php 第 545 行.
NOTIC: [8192] preg_replace(): The /e modifier is deprecated, use preg_replace_callback instead /www/wwwroot/ipfs/porter/ThinkPHP/Lib/Template/ThinkTemplate.class.php 第 545 行.
NOTIC: [8192] preg_replace(): The /e modifier is deprecated, use preg_replace_callback instead /www/wwwroot/ipfs/porter/ThinkPHP/Lib/Template/ThinkTemplate.class.php 第 335 行.
NOTIC: [8192] preg_replace(): The /e modifier is deprecated, use preg_replace_callback instead /www/wwwroot/ipfs/porter/ThinkPHP/Lib/Template/ThinkTemplate.class.php 第 807 行.
NOTIC: [8192] preg_replace(): The /e modifier is deprecated, use preg_replace_callback instead /www/wwwroot/ipfs/porter/ThinkPHP/Lib/Template/ThinkTemplate.class.php 第 807 行.
NOTIC: [8192] preg_replace(): The /e modifier is deprecated, use preg_replace_callback instead /www/wwwroot/ipfs/porter/ThinkPHP/Lib/Template/ThinkTemplate.class.php 第 807 行.
NOTIC: [8192] preg_replace(): The /e modifier is deprecated, use preg_replace_callback instead /www/wwwroot/ipfs/porter/ThinkPHP/Lib/Template/ThinkTemplate.class.php 第 807 行.
NOTIC: [8192] preg_replace(): The /e modifier is deprecated, use preg_replace_callback instead /www/wwwroot/ipfs/porter/ThinkPHP/Lib/Template/ThinkTemplate.class.php 第 807 行.
NOTIC: [8192] preg_replace(): The /e modifier is deprecated, use preg_replace_callback instead /www/wwwroot/ipfs/porter/ThinkPHP/Lib/Template/ThinkTemplate.class.php 第 807 行.
NOTIC: [8192] preg_replace(): The /e modifier is deprecated, use preg_replace_callback instead /www/wwwroot/ipfs/porter/ThinkPHP/Lib/Template/ThinkTemplate.class.php 第 807 行.
NOTIC: [8192] preg_replace(): The /e modifier is deprecated, use preg_replace_callback instead /www/wwwroot/ipfs/porter/ThinkPHP/Lib/Template/ThinkTemplate.class.php 第 807 行.
NOTIC: [8192] preg_replace(): The /e modifier is deprecated, use preg_replace_callback instead /www/wwwroot/ipfs/porter/ThinkPHP/Lib/Template/ThinkTemplate.class.php 第 545 行.
NOTIC: [8192] preg_replace(): The /e modifier is deprecated, use preg_replace_callback instead /www/wwwroot/ipfs/porter/ThinkPHP/Lib/Template/ThinkTemplate.class.php 第 335 行.
NOTIC: [8192] preg_replace(): The /e modifier is deprecated, use preg_replace_callback instead /www/wwwroot/ipfs/porter/ThinkPHP/Lib/Template/ThinkTemplate.class.php 第 807 行.
NOTIC: [8192] preg_replace(): The /e modifier is deprecated, use preg_replace_callback instead /www/wwwroot/ipfs/porter/ThinkPHP/Lib/Template/ThinkTemplate.class.php 第 807 行.
NOTIC: [8192] preg_replace(): The /e modifier is deprecated, use preg_replace_callback instead /www/wwwroot/ipfs/porter/ThinkPHP/Lib/Template/ThinkTemplate.class.php 第 807 行.
NOTIC: [8192] preg_replace(): The /e modifier is deprecated, use preg_replace_callback instead /www/wwwroot/ipfs/porter/ThinkPHP/Lib/Template/ThinkTemplate.class.php 第 807 行.
NOTIC: [8192] preg_replace(): The /e modifier is deprecated, use preg_replace_callback instead /www/wwwroot/ipfs/porter/ThinkPHP/Lib/Template/ThinkTemplate.class.php 第 807 行.
NOTIC: [8192] preg_replace(): The /e modifier is deprecated, use preg_replace_callback instead /www/wwwroot/ipfs/porter/ThinkPHP/Lib/Template/ThinkTemplate.class.php 第 807 行.
NOTIC: [8192] preg_replace(): The /e modifier is deprecated, use preg_replace_callback instead /www/wwwroot/ipfs/porter/ThinkPHP/Lib/Template/ThinkTemplate.class.php 第 807 行.
NOTIC: [8192] preg_replace(): The /e modifier is deprecated, use preg_replace_callback instead /www/wwwroot/ipfs/porter/ThinkPHP/Lib/Template/ThinkTemplate.class.php 第 807 行.
NOTIC: [8192] preg_replace(): The /e modifier is deprecated, use preg_replace_callback instead /www/wwwroot/ipfs/porter/ThinkPHP/Lib/Template/ThinkTemplate.class.php 第 807 行.
NOTIC: [8192] preg_replace(): The /e modifier is deprecated, use preg_replace_callback instead /www/wwwroot/ipfs/porter/ThinkPHP/Lib/Template/ThinkTemplate.class.php 第 807 行.
NOTIC: [8192] preg_replace(): The /e modifier is deprecated, use preg_replace_callback instead /www/wwwroot/ipfs/porter/ThinkPHP/Lib/Template/ThinkTemplate.class.php 第 807 行.
NOTIC: [8192] preg_replace(): The /e modifier is deprecated, use preg_replace_callback instead /www/wwwroot/ipfs/porter/ThinkPHP/Lib/Template/ThinkTemplate.class.php 第 807 行.
NOTIC: [8192] preg_replace(): The /e modifier is deprecated, use preg_replace_callback instead /www/wwwroot/ipfs/porter/ThinkPHP/Lib/Template/ThinkTemplate.class.php 第 797 行.
NOTIC: [8192] preg_replace(): The /e modifier is deprecated, use preg_replace_callback instead /www/wwwroot/ipfs/porter/ThinkPHP/Lib/Template/ThinkTemplate.class.php 第 797 行.
NOTIC: [8192] preg_replace(): The /e modifier is deprecated, use preg_replace_callback instead /www/wwwroot/ipfs/porter/ThinkPHP/Lib/Template/ThinkTemplate.class.php 第 807 行.
NOTIC: [8192] preg_replace(): The /e modifier is deprecated, use preg_replace_callback instead /www/wwwroot/ipfs/porter/ThinkPHP/Lib/Template/ThinkTemplate.class.php 第 807 行.
NOTIC: [8192] preg_replace(): The /e modifier is deprecated, use preg_replace_callback instead /www/wwwroot/ipfs/porter/ThinkPHP/Lib/Template/ThinkTemplate.class.php 第 807 行.
NOTIC: [8192] preg_replace(): The /e modifier is deprecated, use preg_replace_callback instead /www/wwwroot/ipfs/porter/ThinkPHP/Lib/Template/ThinkTemplate.class.php 第 797 行.
NOTIC: [8192] preg_replace(): The /e modifier is deprecated, use preg_replace_callback instead /www/wwwroot/ipfs/porter/ThinkPHP/Lib/Template/ThinkTemplate.class.php 第 807 行.
NOTIC: [8192] preg_replace(): The /e modifier is deprecated, use preg_replace_callback instead /www/wwwroot/ipfs/porter/ThinkPHP/Lib/Template/ThinkTemplate.class.php 第 807 行.
NOTIC: [8192] preg_replace(): The /e modifier is deprecated, use preg_replace_callback instead /www/wwwroot/ipfs/porter/ThinkPHP/Lib/Template/ThinkTemplate.class.php 第 807 行.
NOTIC: [8192] preg_replace(): The /e modifier is deprecated, use preg_replace_callback instead /www/wwwroot/ipfs/porter/ThinkPHP/Lib/Template/ThinkTemplate.class.php 第 807 行.
NOTIC: [8192] preg_replace(): The /e modifier is deprecated, use preg_replace_callback instead /www/wwwroot/ipfs/porter/ThinkPHP/Lib/Template/ThinkTemplate.class.php 第 807 行.
NOTIC: [8192] preg_replace(): The /e modifier is deprecated, use preg_replace_callback instead /www/wwwroot/ipfs/porter/ThinkPHP/Lib/Template/ThinkTemplate.class.php 第 807 行.
NOTIC: [8192] preg_replace(): The /e modifier is deprecated, use preg_replace_callback instead /www/wwwroot/ipfs/porter/ThinkPHP/Lib/Template/ThinkTemplate.class.php 第 807 行.
NOTIC: [8192] preg_replace(): The /e modifier is deprecated, use preg_replace_callback instead /www/wwwroot/ipfs/porter/ThinkPHP/Lib/Template/ThinkTemplate.class.php 第 807 行.
NOTIC: [8192] preg_replace(): The /e modifier is deprecated, use preg_replace_callback instead /www/wwwroot/ipfs/porter/ThinkPHP/Lib/Template/ThinkTemplate.class.php 第 807 行.
NOTIC: [8192] preg_replace(): The /e modifier is deprecated, use preg_replace_callback instead /www/wwwroot/ipfs/porter/ThinkPHP/Lib/Template/ThinkTemplate.class.php 第 807 行.
NOTIC: [8192] preg_replace(): The /e modifier is deprecated, use preg_replace_callback instead /www/wwwroot/ipfs/porter/ThinkPHP/Lib/Template/ThinkTemplate.class.php 第 807 行.
NOTIC: [8192] preg_replace(): The /e modifier is deprecated, use preg_replace_callback instead /www/wwwroot/ipfs/porter/ThinkPHP/Lib/Template/ThinkTemplate.class.php 第 807 行.
NOTIC: [8192] preg_replace(): The /e modifier is deprecated, use preg_replace_callback instead /www/wwwroot/ipfs/porter/ThinkPHP/Lib/Template/ThinkTemplate.class.php 第 807 行.
NOTIC: [8192] preg_replace(): The /e modifier is deprecated, use preg_replace_callback instead /www/wwwroot/ipfs/porter/ThinkPHP/Lib/Template/ThinkTemplate.class.php 第 807 行.
NOTIC: [8192] preg_replace(): The /e modifier is deprecated, use preg_replace_callback instead /www/wwwroot/ipfs/porter/ThinkPHP/Lib/Template/ThinkTemplate.class.php 第 807 行.
NOTIC: [8192] preg_replace(): The /e modifier is deprecated, use preg_replace_callback instead /www/wwwroot/ipfs/porter/ThinkPHP/Lib/Template/ThinkTemplate.class.php 第 807 行.
NOTIC: [8192] preg_replace(): The /e modifier is deprecated, use preg_replace_callback instead /www/wwwroot/ipfs/porter/ThinkPHP/Lib/Template/ThinkTemplate.class.php 第 807 行.
NOTIC: [8192] preg_replace(): The /e modifier is deprecated, use preg_replace_callback instead /www/wwwroot/ipfs/porter/ThinkPHP/Lib/Template/ThinkTemplate.class.php 第 807 行.
NOTIC: [8192] preg_replace(): The /e modifier is deprecated, use preg_replace_callback instead /www/wwwroot/ipfs/porter/ThinkPHP/Lib/Template/ThinkTemplate.class.php 第 807 行.
NOTIC: [8192] preg_replace(): The /e modifier is deprecated, use preg_replace_callback instead /www/wwwroot/ipfs/porter/ThinkPHP/Lib/Template/ThinkTemplate.class.php 第 807 行.
NOTIC: [8192] preg_replace(): The /e modifier is deprecated, use preg_replace_callback instead /www/wwwroot/ipfs/porter/ThinkPHP/Lib/Template/ThinkTemplate.class.php 第 807 行.
NOTIC: [8192] preg_replace(): The /e modifier is deprecated, use preg_replace_callback instead /www/wwwroot/ipfs/porter/ThinkPHP/Lib/Template/ThinkTemplate.class.php 第 807 行.
NOTIC: [8192] preg_replace(): The /e modifier is deprecated, use preg_replace_callback instead /www/wwwroot/ipfs/porter/ThinkPHP/Lib/Template/ThinkTemplate.class.php 第 807 行.
NOTIC: [8192] preg_replace(): The /e modifier is deprecated, use preg_replace_callback instead /www/wwwroot/ipfs/porter/ThinkPHP/Lib/Template/ThinkTemplate.class.php 第 807 行.
NOTIC: [8192] preg_replace(): The /e modifier is deprecated, use preg_replace_callback instead /www/wwwroot/ipfs/porter/ThinkPHP/Lib/Template/ThinkTemplate.class.php 第 807 行.
NOTIC: [8192] preg_replace(): The /e modifier is deprecated, use preg_replace_callback instead /www/wwwroot/ipfs/porter/ThinkPHP/Lib/Template/ThinkTemplate.class.php 第 807 行.
NOTIC: [8192] preg_replace(): The /e modifier is deprecated, use preg_replace_callback instead /www/wwwroot/ipfs/porter/ThinkPHP/Lib/Template/ThinkTemplate.class.php 第 807 行.
NOTIC: [8192] preg_replace(): The /e modifier is deprecated, use preg_replace_callback instead /www/wwwroot/ipfs/porter/ThinkPHP/Lib/Template/ThinkTemplate.class.php 第 807 行.
NOTIC: [8192] preg_replace(): The /e modifier is deprecated, use preg_replace_callback instead /www/wwwroot/ipfs/porter/ThinkPHP/Lib/Template/ThinkTemplate.class.php 第 807 行.
NOTIC: [8192] preg_replace(): The /e modifier is deprecated, use preg_replace_callback instead /www/wwwroot/ipfs/porter/ThinkPHP/Lib/Template/ThinkTemplate.class.php 第 807 行.
NOTIC: [8192] preg_replace(): The /e modifier is deprecated, use preg_replace_callback instead /www/wwwroot/ipfs/porter/ThinkPHP/Lib/Template/ThinkTemplate.class.php 第 807 行.
NOTIC: [8192] preg_replace(): The /e modifier is deprecated, use preg_replace_callback instead /www/wwwroot/ipfs/porter/ThinkPHP/Lib/Template/ThinkTemplate.class.php 第 807 行.
NOTIC: [8192] preg_replace(): The /e modifier is deprecated, use preg_replace_callback instead /www/wwwroot/ipfs/porter/ThinkPHP/Lib/Template/ThinkTemplate.class.php 第 807 行.
NOTIC: [8192] preg_replace(): The /e modifier is deprecated, use preg_replace_callback instead /www/wwwroot/ipfs/porter/ThinkPHP/Lib/Template/ThinkTemplate.class.php 第 807 行.
NOTIC: [8192] preg_replace(): The /e modifier is deprecated, use preg_replace_callback instead /www/wwwroot/ipfs/porter/ThinkPHP/Lib/Template/ThinkTemplate.class.php 第 807 行.
NOTIC: [8192] preg_replace(): The /e modifier is deprecated, use preg_replace_callback instead /www/wwwroot/ipfs/porter/ThinkPHP/Lib/Template/ThinkTemplate.class.php 第 807 行.
NOTIC: [8192] preg_replace(): The /e modifier is deprecated, use preg_replace_callback instead /www/wwwroot/ipfs/porter/ThinkPHP/Lib/Template/ThinkTemplate.class.php 第 807 行.
NOTIC: [8192] preg_replace(): The /e modifier is deprecated, use preg_replace_callback instead /www/wwwroot/ipfs/porter/ThinkPHP/Lib/Template/ThinkTemplate.class.php 第 807 行.
NOTIC: [8192] preg_replace(): The /e modifier is deprecated, use preg_replace_callback instead /www/wwwroot/ipfs/porter/ThinkPHP/Lib/Template/ThinkTemplate.class.php 第 807 行.
NOTIC: [8192] preg_replace(): The /e modifier is deprecated, use preg_replace_callback instead /www/wwwroot/ipfs/porter/ThinkPHP/Lib/Template/ThinkTemplate.class.php 第 807 行.
NOTIC: [8192] preg_replace(): The /e modifier is deprecated, use preg_replace_callback instead /www/wwwroot/ipfs/porter/ThinkPHP/Lib/Template/ThinkTemplate.class.php 第 807 行.
NOTIC: [8192] preg_replace(): The /e modifier is deprecated, use preg_replace_callback instead /www/wwwroot/ipfs/porter/ThinkPHP/Lib/Template/ThinkTemplate.class.php 第 807 行.
NOTIC: [8192] preg_replace(): The /e modifier is deprecated, use preg_replace_callback instead /www/wwwroot/ipfs/porter/ThinkPHP/Lib/Template/ThinkTemplate.class.php 第 807 行.
NOTIC: [8192] preg_replace(): The /e modifier is deprecated, use preg_replace_callback instead /www/wwwroot/ipfs/porter/ThinkPHP/Lib/Template/ThinkTemplate.class.php 第 807 行.
NOTIC: [8192] preg_replace(): The /e modifier is deprecated, use preg_replace_callback instead /www/wwwroot/ipfs/porter/ThinkPHP/Lib/Template/ThinkTemplate.class.php 第 807 行.
NOTIC: [8192] preg_replace(): The /e modifier is deprecated, use preg_replace_callback instead /www/wwwroot/ipfs/porter/ThinkPHP/Lib/Template/ThinkTemplate.class.php 第 807 行.
NOTIC: [8192] preg_replace(): The /e modifier is deprecated, use preg_replace_callback instead /www/wwwroot/ipfs/porter/ThinkPHP/Lib/Template/ThinkTemplate.class.php 第 807 行.
NOTIC: [8192] preg_replace(): The /e modifier is deprecated, use preg_replace_callback instead /www/wwwroot/ipfs/porter/ThinkPHP/Lib/Template/ThinkTemplate.class.php 第 807 行.
NOTIC: [8192] preg_replace(): The /e modifier is deprecated, use preg_replace_callback instead /www/wwwroot/ipfs/porter/ThinkPHP/Lib/Template/ThinkTemplate.class.php 第 807 行.
NOTIC: [8192] preg_replace(): The /e modifier is deprecated, use preg_replace_callback instead /www/wwwroot/ipfs/porter/ThinkPHP/Lib/Template/ThinkTemplate.class.php 第 807 行.
NOTIC: [8192] preg_replace(): The /e modifier is deprecated, use preg_replace_callback instead /www/wwwroot/ipfs/porter/ThinkPHP/Lib/Template/ThinkTemplate.class.php 第 807 行.
NOTIC: [8192] preg_replace(): The /e modifier is deprecated, use preg_replace_callback instead /www/wwwroot/ipfs/porter/ThinkPHP/Lib/Template/ThinkTemplate.class.php 第 807 行.
NOTIC: [8192] preg_replace(): The /e modifier is deprecated, use preg_replace_callback instead /www/wwwroot/ipfs/porter/ThinkPHP/Lib/Template/ThinkTemplate.class.php 第 807 行.
NOTIC: [8192] preg_replace(): The /e modifier is deprecated, use preg_replace_callback instead /www/wwwroot/ipfs/porter/ThinkPHP/Lib/Template/ThinkTemplate.class.php 第 807 行.
NOTIC: [8192] preg_replace(): The /e modifier is deprecated, use preg_replace_callback instead /www/wwwroot/ipfs/porter/ThinkPHP/Lib/Template/ThinkTemplate.class.php 第 807 行.
NOTIC: [8192] preg_replace(): The /e modifier is deprecated, use preg_replace_callback instead /www/wwwroot/ipfs/porter/ThinkPHP/Lib/Template/ThinkTemplate.class.php 第 807 行.
NOTIC: [8192] preg_replace(): The /e modifier is deprecated, use preg_replace_callback instead /www/wwwroot/ipfs/porter/ThinkPHP/Lib/Template/ThinkTemplate.class.php 第 807 行.
NOTIC: [8192] preg_replace(): The /e modifier is deprecated, use preg_replace_callback instead /www/wwwroot/ipfs/porter/ThinkPHP/Lib/Template/ThinkTemplate.class.php 第 807 行.
NOTIC: [8192] preg_replace(): The /e modifier is deprecated, use preg_replace_callback instead /www/wwwroot/ipfs/porter/ThinkPHP/Lib/Template/ThinkTemplate.class.php 第 807 行.
NOTIC: [8192] preg_replace(): The /e modifier is deprecated, use preg_replace_callback instead /www/wwwroot/ipfs/porter/ThinkPHP/Lib/Template/ThinkTemplate.class.php 第 807 行.
NOTIC: [8192] preg_replace(): The /e modifier is deprecated, use preg_replace_callback instead /www/wwwroot/ipfs/porter/ThinkPHP/Lib/Template/ThinkTemplate.class.php 第 807 行.
NOTIC: [8192] preg_replace(): The /e modifier is deprecated, use preg_replace_callback instead /www/wwwroot/ipfs/porter/ThinkPHP/Lib/Template/ThinkTemplate.class.php 第 807 行.
NOTIC: [8192] preg_replace(): The /e modifier is deprecated, use preg_replace_callback instead /www/wwwroot/ipfs/porter/ThinkPHP/Lib/Template/ThinkTemplate.class.php 第 807 行.
NOTIC: [8192] preg_replace(): The /e modifier is deprecated, use preg_replace_callback instead /www/wwwroot/ipfs/porter/ThinkPHP/Lib/Template/ThinkTemplate.class.php 第 807 行.
NOTIC: [8192] preg_replace(): The /e modifier is deprecated, use preg_replace_callback instead /www/wwwroot/ipfs/porter/ThinkPHP/Lib/Template/ThinkTemplate.class.php 第 807 行.
NOTIC: [8192] preg_replace(): The /e modifier is deprecated, use preg_replace_callback instead /www/wwwroot/ipfs/porter/ThinkPHP/Lib/Template/ThinkTemplate.class.php 第 807 行.
NOTIC: [8192] preg_replace(): The /e modifier is deprecated, use preg_replace_callback instead /www/wwwroot/ipfs/porter/ThinkPHP/Lib/Template/ThinkTemplate.class.php 第 797 行.
NOTIC: [8192] preg_replace(): The /e modifier is deprecated, use preg_replace_callback instead /www/wwwroot/ipfs/porter/ThinkPHP/Lib/Template/ThinkTemplate.class.php 第 797 行.
NOTIC: [8192] preg_replace(): The /e modifier is deprecated, use preg_replace_callback instead /www/wwwroot/ipfs/porter/ThinkPHP/Lib/Template/ThinkTemplate.class.php 第 797 行.
NOTIC: [8192] preg_replace(): The /e modifier is deprecated, use preg_replace_callback instead /www/wwwroot/ipfs/porter/ThinkPHP/Lib/Template/ThinkTemplate.class.php 第 797 行.
NOTIC: [8192] preg_replace(): The /e modifier is deprecated, use preg_replace_callback instead /www/wwwroot/ipfs/porter/ThinkPHP/Lib/Template/ThinkTemplate.class.php 第 797 行.
NOTIC: [8192] preg_replace(): The /e modifier is deprecated, use preg_replace_callback instead /www/wwwroot/ipfs/porter/ThinkPHP/Lib/Template/ThinkTemplate.class.php 第 797 行.
NOTIC: [8192] preg_replace(): The /e modifier is deprecated, use preg_replace_callback instead /www/wwwroot/ipfs/porter/ThinkPHP/Lib/Template/ThinkTemplate.class.php 第 807 行.
NOTIC: [8192] preg_replace(): The /e modifier is deprecated, use preg_replace_callback instead /www/wwwroot/ipfs/porter/ThinkPHP/Lib/Template/ThinkTemplate.class.php 第 807 行.
NOTIC: [8192] preg_replace(): The /e modifier is deprecated, use preg_replace_callback instead /www/wwwroot/ipfs/porter/ThinkPHP/Lib/Template/ThinkTemplate.class.php 第 807 行.
NOTIC: [8192] preg_replace(): The /e modifier is deprecated, use preg_replace_callback instead /www/wwwroot/ipfs/porter/ThinkPHP/Lib/Template/ThinkTemplate.class.php 第 393 行.
NOTIC: [8192] preg_replace(): The /e modifier is deprecated, use preg_replace_callback instead /www/wwwroot/ipfs/porter/ThinkPHP/Lib/Template/ThinkTemplate.class.php 第 807 行.
NOTIC: [8192] preg_replace(): The /e modifier is deprecated, use preg_replace_callback instead /www/wwwroot/ipfs/porter/ThinkPHP/Lib/Template/ThinkTemplate.class.php 第 807 行.
NOTIC: [8192] preg_replace(): The /e modifier is deprecated, use preg_replace_callback instead /www/wwwroot/ipfs/porter/ThinkPHP/Lib/Template/ThinkTemplate.class.php 第 807 行.
NOTIC: [8192] preg_replace(): The /e modifier is deprecated, use preg_replace_callback instead /www/wwwroot/ipfs/porter/ThinkPHP/Lib/Template/ThinkTemplate.class.php 第 807 行.
NOTIC: [8192] preg_replace(): The /e modifier is deprecated, use preg_replace_callback instead /www/wwwroot/ipfs/porter/ThinkPHP/Lib/Template/ThinkTemplate.class.php 第 797 行.
NOTIC: [8192] preg_replace(): The /e modifier is deprecated, use preg_replace_callback instead /www/wwwroot/ipfs/porter/ThinkPHP/Lib/Template/ThinkTemplate.class.php 第 797 行.
NOTIC: [8192] preg_replace(): The /e modifier is deprecated, use preg_replace_callback instead /www/wwwroot/ipfs/porter/ThinkPHP/Lib/Template/ThinkTemplate.class.php 第 807 行.
NOTIC: [8192] preg_replace(): The /e modifier is deprecated, use preg_replace_callback instead /www/wwwroot/ipfs/porter/ThinkPHP/Lib/Template/ThinkTemplate.class.php 第 807 行.
NOTIC: [8192] preg_replace(): The /e modifier is deprecated, use preg_replace_callback instead /www/wwwroot/ipfs/porter/ThinkPHP/Lib/Template/ThinkTemplate.class.php 第 807 行.
NOTIC: [8192] preg_replace(): The /e modifier is deprecated, use preg_replace_callback instead /www/wwwroot/ipfs/porter/ThinkPHP/Lib/Template/ThinkTemplate.class.php 第 797 行.
NOTIC: [8192] preg_replace(): The /e modifier is deprecated, use preg_replace_callback instead /www/wwwroot/ipfs/porter/ThinkPHP/Lib/Template/ThinkTemplate.class.php 第 807 行.
NOTIC: [8192] preg_replace(): The /e modifier is deprecated, use preg_replace_callback instead /www/wwwroot/ipfs/porter/ThinkPHP/Lib/Template/ThinkTemplate.class.php 第 807 行.
NOTIC: [8192] preg_replace(): The /e modifier is deprecated, use preg_replace_callback instead /www/wwwroot/ipfs/porter/ThinkPHP/Lib/Template/ThinkTemplate.class.php 第 807 行.
NOTIC: [8192] preg_replace(): The /e modifier is deprecated, use preg_replace_callback instead /www/wwwroot/ipfs/porter/ThinkPHP/Lib/Template/ThinkTemplate.class.php 第 807 行.
NOTIC: [8192] preg_replace(): The /e modifier is deprecated, use preg_replace_callback instead /www/wwwroot/ipfs/porter/ThinkPHP/Lib/Template/ThinkTemplate.class.php 第 807 行.
NOTIC: [8192] preg_replace(): The /e modifier is deprecated, use preg_replace_callback instead /www/wwwroot/ipfs/porter/ThinkPHP/Lib/Template/ThinkTemplate.class.php 第 807 行.
NOTIC: [8192] preg_replace(): The /e modifier is deprecated, use preg_replace_callback instead /www/wwwroot/ipfs/porter/ThinkPHP/Lib/Template/ThinkTemplate.class.php 第 807 行.
NOTIC: [8192] preg_replace(): The /e modifier is deprecated, use preg_replace_callback instead /www/wwwroot/ipfs/porter/ThinkPHP/Lib/Template/ThinkTemplate.class.php 第 807 行.
NOTIC: [8192] preg_replace(): The /e modifier is deprecated, use preg_replace_callback instead /www/wwwroot/ipfs/porter/ThinkPHP/Lib/Template/ThinkTemplate.class.php 第 807 行.
NOTIC: [8192] preg_replace(): The /e modifier is deprecated, use preg_replace_callback instead /www/wwwroot/ipfs/porter/ThinkPHP/Lib/Template/ThinkTemplate.class.php 第 807 行.
NOTIC: [8192] preg_replace(): The /e modifier is deprecated, use preg_replace_callback instead /www/wwwroot/ipfs/porter/ThinkPHP/Lib/Template/ThinkTemplate.class.php 第 807 行.
NOTIC: [8192] preg_replace(): The /e modifier is deprecated, use preg_replace_callback instead /www/wwwroot/ipfs/porter/ThinkPHP/Lib/Template/ThinkTemplate.class.php 第 807 行.
NOTIC: [8192] preg_replace(): The /e modifier is deprecated, use preg_replace_callback instead /www/wwwroot/ipfs/porter/ThinkPHP/Lib/Template/ThinkTemplate.class.php 第 807 行.
NOTIC: [8192] preg_replace(): The /e modifier is deprecated, use preg_replace_callback instead /www/wwwroot/ipfs/porter/ThinkPHP/Lib/Template/ThinkTemplate.class.php 第 807 行.
NOTIC: [8192] preg_replace(): The /e modifier is deprecated, use preg_replace_callback instead /www/wwwroot/ipfs/porter/ThinkPHP/Lib/Template/ThinkTemplate.class.php 第 807 行.
NOTIC: [8192] preg_replace(): The /e modifier is deprecated, use preg_replace_callback instead /www/wwwroot/ipfs/porter/ThinkPHP/Lib/Template/ThinkTemplate.class.php 第 807 行.
NOTIC: [8192] preg_replace(): The /e modifier is deprecated, use preg_replace_callback instead /www/wwwroot/ipfs/porter/ThinkPHP/Lib/Template/ThinkTemplate.class.php 第 807 行.
NOTIC: [8192] preg_replace(): The /e modifier is deprecated, use preg_replace_callback instead /www/wwwroot/ipfs/porter/ThinkPHP/Lib/Template/ThinkTemplate.class.php 第 807 行.
NOTIC: [8192] preg_replace(): The /e modifier is deprecated, use preg_replace_callback instead /www/wwwroot/ipfs/porter/ThinkPHP/Lib/Template/ThinkTemplate.class.php 第 807 行.
NOTIC: [8192] preg_replace(): The /e modifier is deprecated, use preg_replace_callback instead /www/wwwroot/ipfs/porter/ThinkPHP/Lib/Template/ThinkTemplate.class.php 第 807 行.
NOTIC: [8192] preg_replace(): The /e modifier is deprecated, use preg_replace_callback instead /www/wwwroot/ipfs/porter/ThinkPHP/Lib/Template/ThinkTemplate.class.php 第 807 行.
NOTIC: [8192] preg_replace(): The /e modifier is deprecated, use preg_replace_callback instead /www/wwwroot/ipfs/porter/ThinkPHP/Lib/Template/ThinkTemplate.class.php 第 807 行.
NOTIC: [8192] preg_replace(): The /e modifier is deprecated, use preg_replace_callback instead /www/wwwroot/ipfs/porter/ThinkPHP/Lib/Template/ThinkTemplate.class.php 第 807 行.
NOTIC: [8192] preg_replace(): The /e modifier is deprecated, use preg_replace_callback instead /www/wwwroot/ipfs/porter/ThinkPHP/Lib/Template/ThinkTemplate.class.php 第 807 行.
NOTIC: [8192] preg_replace(): The /e modifier is deprecated, use preg_replace_callback instead /www/wwwroot/ipfs/porter/ThinkPHP/Lib/Template/ThinkTemplate.class.php 第 807 行.
NOTIC: [8192] preg_replace(): The /e modifier is deprecated, use preg_replace_callback instead /www/wwwroot/ipfs/porter/ThinkPHP/Lib/Template/ThinkTemplate.class.php 第 807 行.
NOTIC: [8192] preg_replace(): The /e modifier is deprecated, use preg_replace_callback instead /www/wwwroot/ipfs/porter/ThinkPHP/Lib/Template/ThinkTemplate.class.php 第 807 行.
NOTIC: [8192] preg_replace(): The /e modifier is deprecated, use preg_replace_callback instead /www/wwwroot/ipfs/porter/ThinkPHP/Lib/Template/ThinkTemplate.class.php 第 807 行.
NOTIC: [8192] preg_replace(): The /e modifier is deprecated, use preg_replace_callback instead /www/wwwroot/ipfs/porter/ThinkPHP/Lib/Template/ThinkTemplate.class.php 第 807 行.
NOTIC: [8192] preg_replace(): The /e modifier is deprecated, use preg_replace_callback instead /www/wwwroot/ipfs/porter/ThinkPHP/Lib/Template/ThinkTemplate.class.php 第 807 行.
NOTIC: [8192] preg_replace(): The /e modifier is deprecated, use preg_replace_callback instead /www/wwwroot/ipfs/porter/ThinkPHP/Lib/Template/ThinkTemplate.class.php 第 807 行.
NOTIC: [8192] preg_replace(): The /e modifier is deprecated, use preg_replace_callback instead /www/wwwroot/ipfs/porter/ThinkPHP/Lib/Template/ThinkTemplate.class.php 第 807 行.
NOTIC: [8192] preg_replace(): The /e modifier is deprecated, use preg_replace_callback instead /www/wwwroot/ipfs/porter/ThinkPHP/Lib/Template/ThinkTemplate.class.php 第 807 行.
NOTIC: [8192] preg_replace(): The /e modifier is deprecated, use preg_replace_callback instead /www/wwwroot/ipfs/porter/ThinkPHP/Lib/Template/ThinkTemplate.class.php 第 807 行.
NOTIC: [8192] preg_replace(): The /e modifier is deprecated, use preg_replace_callback instead /www/wwwroot/ipfs/porter/ThinkPHP/Lib/Template/ThinkTemplate.class.php 第 807 行.
NOTIC: [8192] preg_replace(): The /e modifier is deprecated, use preg_replace_callback instead /www/wwwroot/ipfs/porter/ThinkPHP/Lib/Template/ThinkTemplate.class.php 第 807 行.
NOTIC: [8192] preg_replace(): The /e modifier is deprecated, use preg_replace_callback instead /www/wwwroot/ipfs/porter/ThinkPHP/Lib/Template/ThinkTemplate.class.php 第 807 行.
NOTIC: [8192] preg_replace(): The /e modifier is deprecated, use preg_replace_callback instead /www/wwwroot/ipfs/porter/ThinkPHP/Lib/Template/ThinkTemplate.class.php 第 807 行.
NOTIC: [8192] preg_replace(): The /e modifier is deprecated, use preg_replace_callback instead /www/wwwroot/ipfs/porter/ThinkPHP/Lib/Template/ThinkTemplate.class.php 第 807 行.
NOTIC: [8192] preg_replace(): The /e modifier is deprecated, use preg_replace_callback instead /www/wwwroot/ipfs/porter/ThinkPHP/Lib/Template/ThinkTemplate.class.php 第 807 行.
NOTIC: [8192] preg_replace(): The /e modifier is deprecated, use preg_replace_callback instead /www/wwwroot/ipfs/porter/ThinkPHP/Lib/Template/ThinkTemplate.class.php 第 807 行.
NOTIC: [8192] preg_replace(): The /e modifier is deprecated, use preg_replace_callback instead /www/wwwroot/ipfs/porter/ThinkPHP/Lib/Template/ThinkTemplate.class.php 第 807 行.
NOTIC: [8192] preg_replace(): The /e modifier is deprecated, use preg_replace_callback instead /www/wwwroot/ipfs/porter/ThinkPHP/Lib/Template/ThinkTemplate.class.php 第 807 行.
NOTIC: [8192] preg_replace(): The /e modifier is deprecated, use preg_replace_callback instead /www/wwwroot/ipfs/porter/ThinkPHP/Lib/Template/ThinkTemplate.class.php 第 807 行.
NOTIC: [8192] preg_replace(): The /e modifier is deprecated, use preg_replace_callback instead /www/wwwroot/ipfs/porter/ThinkPHP/Lib/Template/ThinkTemplate.class.php 第 807 行.
NOTIC: [8192] preg_replace(): The /e modifier is deprecated, use preg_replace_callback instead /www/wwwroot/ipfs/porter/ThinkPHP/Lib/Template/ThinkTemplate.class.php 第 807 行.
NOTIC: [8192] preg_replace(): The /e modifier is deprecated, use preg_replace_callback instead /www/wwwroot/ipfs/porter/ThinkPHP/Lib/Template/ThinkTemplate.class.php 第 807 行.
NOTIC: [8192] preg_replace(): The /e modifier is deprecated, use preg_replace_callback instead /www/wwwroot/ipfs/porter/ThinkPHP/Lib/Template/ThinkTemplate.class.php 第 807 行.
NOTIC: [8192] preg_replace(): The /e modifier is deprecated, use preg_replace_callback instead /www/wwwroot/ipfs/porter/ThinkPHP/Lib/Template/ThinkTemplate.class.php 第 807 行.
NOTIC: [8192] preg_replace(): The /e modifier is deprecated, use preg_replace_callback instead /www/wwwroot/ipfs/porter/ThinkPHP/Lib/Template/ThinkTemplate.class.php 第 807 行.
NOTIC: [8192] preg_replace(): The /e modifier is deprecated, use preg_replace_callback instead /www/wwwroot/ipfs/porter/ThinkPHP/Lib/Template/ThinkTemplate.class.php 第 807 行.
NOTIC: [8192] preg_replace(): The /e modifier is deprecated, use preg_replace_callback instead /www/wwwroot/ipfs/porter/ThinkPHP/Lib/Template/ThinkTemplate.class.php 第 807 行.
NOTIC: [8192] preg_replace(): The /e modifier is deprecated, use preg_replace_callback instead /www/wwwroot/ipfs/porter/ThinkPHP/Lib/Template/ThinkTemplate.class.php 第 807 行.
NOTIC: [8192] preg_replace(): The /e modifier is deprecated, use preg_replace_callback instead /www/wwwroot/ipfs/porter/ThinkPHP/Lib/Template/ThinkTemplate.class.php 第 807 行.
NOTIC: [8192] preg_replace(): The /e modifier is deprecated, use preg_replace_callback instead /www/wwwroot/ipfs/porter/ThinkPHP/Lib/Template/ThinkTemplate.class.php 第 807 行.
NOTIC: [8192] preg_replace(): The /e modifier is deprecated, use preg_replace_callback instead /www/wwwroot/ipfs/porter/ThinkPHP/Lib/Template/ThinkTemplate.class.php 第 807 行.
NOTIC: [8192] preg_replace(): The /e modifier is deprecated, use preg_replace_callback instead /www/wwwroot/ipfs/porter/ThinkPHP/Lib/Template/ThinkTemplate.class.php 第 807 行.
NOTIC: [8192] preg_replace(): The /e modifier is deprecated, use preg_replace_callback instead /www/wwwroot/ipfs/porter/ThinkPHP/Lib/Template/ThinkTemplate.class.php 第 807 行.
NOTIC: [8192] preg_replace(): The /e modifier is deprecated, use preg_replace_callback instead /www/wwwroot/ipfs/porter/ThinkPHP/Lib/Template/ThinkTemplate.class.php 第 807 行.
NOTIC: [8192] preg_replace(): The /e modifier is deprecated, use preg_replace_callback instead /www/wwwroot/ipfs/porter/ThinkPHP/Lib/Template/ThinkTemplate.class.php 第 807 行.
NOTIC: [8192] preg_replace(): The /e modifier is deprecated, use preg_replace_callback instead /www/wwwroot/ipfs/porter/ThinkPHP/Lib/Template/ThinkTemplate.class.php 第 807 行.
NOTIC: [8192] preg_replace(): The /e modifier is deprecated, use preg_replace_callback instead /www/wwwroot/ipfs/porter/ThinkPHP/Lib/Template/ThinkTemplate.class.php 第 807 行.
NOTIC: [8192] preg_replace(): The /e modifier is deprecated, use preg_replace_callback instead /www/wwwroot/ipfs/porter/ThinkPHP/Lib/Template/ThinkTemplate.class.php 第 807 行.
NOTIC: [8192] preg_replace(): The /e modifier is deprecated, use preg_replace_callback instead /www/wwwroot/ipfs/porter/ThinkPHP/Lib/Template/ThinkTemplate.class.php 第 807 行.
NOTIC: [8192] preg_replace(): The /e modifier is deprecated, use preg_replace_callback instead /www/wwwroot/ipfs/porter/ThinkPHP/Lib/Template/ThinkTemplate.class.php 第 807 行.
NOTIC: [8192] preg_replace(): The /e modifier is deprecated, use preg_replace_callback instead /www/wwwroot/ipfs/porter/ThinkPHP/Lib/Template/ThinkTemplate.class.php 第 807 行.
NOTIC: [8192] preg_replace(): The /e modifier is deprecated, use preg_replace_callback instead /www/wwwroot/ipfs/porter/ThinkPHP/Lib/Template/ThinkTemplate.class.php 第 797 行.
NOTIC: [8192] preg_replace(): The /e modifier is deprecated, use preg_replace_callback instead /www/wwwroot/ipfs/porter/ThinkPHP/Lib/Template/ThinkTemplate.class.php 第 797 行.
NOTIC: [8192] preg_replace(): The /e modifier is deprecated, use preg_replace_callback instead /www/wwwroot/ipfs/porter/ThinkPHP/Lib/Template/ThinkTemplate.class.php 第 797 行.
NOTIC: [8192] preg_replace(): The /e modifier is deprecated, use preg_replace_callback instead /www/wwwroot/ipfs/porter/ThinkPHP/Lib/Template/ThinkTemplate.class.php 第 797 行.
NOTIC: [8192] preg_replace(): The /e modifier is deprecated, use preg_replace_callback instead /www/wwwroot/ipfs/porter/ThinkPHP/Lib/Template/ThinkTemplate.class.php 第 797 行.
NOTIC: [8192] preg_replace(): The /e modifier is deprecated, use preg_replace_callback instead /www/wwwroot/ipfs/porter/ThinkPHP/Lib/Template/ThinkTemplate.class.php 第 797 行.
NOTIC: [8192] preg_replace(): The /e modifier is deprecated, use preg_replace_callback instead /www/wwwroot/ipfs/porter/ThinkPHP/Lib/Template/ThinkTemplate.class.php 第 807 行.
NOTIC: [8192] preg_replace(): The /e modifier is deprecated, use preg_replace_callback instead /www/wwwroot/ipfs/porter/ThinkPHP/Lib/Template/ThinkTemplate.class.php 第 807 行.
NOTIC: [8192] preg_replace(): The /e modifier is deprecated, use preg_replace_callback instead /www/wwwroot/ipfs/porter/ThinkPHP/Lib/Template/ThinkTemplate.class.php 第 807 行.
NOTIC: [8192] preg_replace(): The /e modifier is deprecated, use preg_replace_callback instead /www/wwwroot/ipfs/porter/ThinkPHP/Lib/Template/ThinkTemplate.class.php 第 393 行.
NOTIC: [8192] preg_replace(): The /e modifier is deprecated, use preg_replace_callback instead /www/wwwroot/ipfs/porter/ThinkPHP/Lib/Template/ThinkTemplate.class.php 第 273 行.
NOTIC: [8] Undefined variable: page /www/wwwroot/ipfs/porter/APP/Runtime/Cache/Systemlogined/92aeb150f1879a886de27c6a58ffe9cf.php 第 1073 行.
INFO: Run ParseTemplate Behavior [ RunTime:0.020836s ]
INFO: [ view_parse ] --END-- [ RunTime:0.020899s ]
INFO: [ view_filter ] --START--
INFO: Run ContentReplace Behavior [ RunTime:0.000318s ]
INFO: Run TokenBuild Behavior [ RunTime:0.000281s ]
INFO: Run WriteHtmlCache Behavior [ RunTime:0.000234s ]
INFO: Run ShowRuntime Behavior [ RunTime:0.000304s ]
INFO: [ view_filter ] --END-- [ RunTime:0.001230s ]
INFO: [ view_end ] --START--
INFO: Run ShowPageTrace Behavior [ RunTime:0.000416s ]
INFO: [ view_end ] --END-- [ RunTime:0.000579s ]

