[ 2020-04-22T17:19:26+08:00 ] 119.128.145.211 /index.php/systemlogined/reward/change_reward_status
INFO: [ route_check ] --START--
INFO: Run CheckRoute Behavior [ RunTime:0.000523s ]
INFO: [ route_check ] --END-- [ RunTime:0.000610s ]
NOTIC: [8192] preg_replace(): The /e modifier is deprecated, use preg_replace_callback instead /www/wwwroot/ipfs/porter/ThinkPHP/Lib/Core/Dispatcher.class.php 第 249 行.
NOTIC: [8192] preg_replace(): The /e modifier is deprecated, use preg_replace_callback instead /www/wwwroot/ipfs/porter/ThinkPHP/Common/common.php 第 341 行.
NOTIC: [2] stripslashes() expects exactly 1 parameter, 2 given /www/wwwroot/ipfs/porter/ThinkPHP/Lib/Core/App.class.php 第 113 行.
NOTIC: [2] stripslashes() expects exactly 1 parameter, 2 given /www/wwwroot/ipfs/porter/ThinkPHP/Lib/Core/App.class.php 第 113 行.
NOTIC: [2] stripslashes() expects exactly 1 parameter, 2 given /www/wwwroot/ipfs/porter/ThinkPHP/Lib/Core/App.class.php 第 113 行.
INFO: [ app_begin ] --START--
INFO: Run CheckLang Behavior [ RunTime:0.000507s ]
INFO: [ app_begin ] --END-- [ RunTime:0.000538s ]
NOTIC: [8] A session had already been started - ignoring session_start() /www/wwwroot/ipfs/porter/ThinkPHP/Common/functions.php 第 1131 行.
NOTIC: [8192] mysql_connect(): The mysql extension is deprecated and will be removed in the future: use mysqli or PDO instead /www/wwwroot/ipfs/porter/ThinkPHP/Lib/Driver/Db/DbMysql.class.php 第 109 行.
SQL: SHOW COLUMNS FROM `ds_weighted_average_set` [ RunTime:0.005541s ]
NOTIC: [8192] preg_replace(): The /e modifier is deprecated, use preg_replace_callback instead /www/wwwroot/ipfs/porter/ThinkPHP/Lib/Core/Db.class.php 第 1201 行.
SQL: SELECT * FROM `ds_weighted_average_set`  [ RunTime:0.000207s ]
SQL: SHOW COLUMNS FROM `ds_member` [ RunTime:0.001513s ]
NOTIC: [8192] preg_replace(): The /e modifier is deprecated, use preg_replace_callback instead /www/wwwroot/ipfs/porter/ThinkPHP/Lib/Core/Db.class.php 第 1201 行.
SQL: SELECT `id`,`level`,`username`,`weighted_level`,`mobile`,`achievement` FROM `ds_member` ORDER BY weighted_level desc  [ RunTime:0.000292s ]
NOTIC: [8192] preg_replace(): The /e modifier is deprecated, use preg_replace_callback instead /www/wwwroot/ipfs/porter/ThinkPHP/Lib/Core/Db.class.php 第 1201 行.
SQL: SELECT COUNT(*) AS tp_count FROM `ds_member` WHERE ( `weighted_level` >= '1' ) LIMIT 1   [ RunTime:0.000180s ]
NOTIC: [8] Undefined index: total_weighted_average /www/wwwroot/ipfs/porter/APP/Modules/Systemlogined/Action/RewardAction.class.php 第 298 行.
NOTIC: [8] Undefined index: total_weighted_average /www/wwwroot/ipfs/porter/APP/Modules/Systemlogined/Action/RewardAction.class.php 第 298 行.
NOTIC: [8192] preg_replace(): The /e modifier is deprecated, use preg_replace_callback instead /www/wwwroot/ipfs/porter/ThinkPHP/Lib/Core/Db.class.php 第 1201 行.
SQL: SELECT COUNT(*) AS tp_count FROM `ds_member` WHERE ( `weighted_level` >= '2' ) LIMIT 1   [ RunTime:0.000148s ]
NOTIC: [8] Undefined index: total_weighted_average /www/wwwroot/ipfs/porter/APP/Modules/Systemlogined/Action/RewardAction.class.php 第 298 行.
NOTIC: [8] Undefined index: total_weighted_average /www/wwwroot/ipfs/porter/APP/Modules/Systemlogined/Action/RewardAction.class.php 第 298 行.
NOTIC: [8] Undefined index: total_weighted_average /www/wwwroot/ipfs/porter/APP/Modules/Systemlogined/Action/RewardAction.class.php 第 298 行.
NOTIC: [8] Undefined index: total_weighted_average /www/wwwroot/ipfs/porter/APP/Modules/Systemlogined/Action/RewardAction.class.php 第 298 行.
NOTIC: [8192] preg_replace(): The /e modifier is deprecated, use preg_replace_callback instead /www/wwwroot/ipfs/porter/ThinkPHP/Lib/Core/Db.class.php 第 1201 行.
SQL: SELECT COUNT(*) AS tp_count FROM `ds_member` WHERE ( `weighted_level` >= '3' ) LIMIT 1   [ RunTime:0.000195s ]
NOTIC: [8] Undefined index: total_weighted_average /www/wwwroot/ipfs/porter/APP/Modules/Systemlogined/Action/RewardAction.class.php 第 298 行.
NOTIC: [8192] preg_replace(): The /e modifier is deprecated, use preg_replace_callback instead /www/wwwroot/ipfs/porter/ThinkPHP/Lib/Core/Db.class.php 第 1201 行.
SQL: SELECT COUNT(*) AS tp_count FROM `ds_member` WHERE ( `weighted_level` >= '4' ) LIMIT 1   [ RunTime:0.000157s ]
NOTIC: [2] Division by zero /www/wwwroot/ipfs/porter/APP/Modules/Systemlogined/Action/RewardAction.class.php 第 294 行.
SQL: SHOW COLUMNS FROM `ds_reward_status` [ RunTime:0.001325s ]
NOTIC: [8192] preg_replace(): The /e modifier is deprecated, use preg_replace_callback instead /www/wwwroot/ipfs/porter/ThinkPHP/Lib/Core/Db.class.php 第 1201 行.
SQL: SELECT * FROM `ds_reward_status` WHERE ( `date` = '2020-04-22' ) LIMIT 1   [ RunTime:0.000178s ]
NOTIC: [8] Undefined index: status /www/wwwroot/ipfs/porter/APP/Modules/Systemlogined/Action/RewardAction.class.php 第 322 行.
SQL: UPDATE `ds_member` SET `ipfs`=ipfs+30 WHERE ( `id` = 27 ) [ RunTime:0.005546s ]
SQL: UPDATE `ds_member` SET `ipfs`=ipfs+6 WHERE ( `id` = 36 ) [ RunTime:0.004752s ]
SQL: UPDATE `ds_member` SET `ipfs`=ipfs+6 WHERE ( `id` = 35 ) [ RunTime:0.004642s ]
SQL: UPDATE `ds_member` SET `ipfs`=ipfs+6 WHERE ( `id` = 34 ) [ RunTime:0.004384s ]
SQL: UPDATE `ds_member` SET `ipfs`=ipfs+6 WHERE ( `id` = 23 ) [ RunTime:0.004092s ]
SQL: UPDATE `ds_member` SET `ipfs`=ipfs+4.2857 WHERE ( `id` = 25 ) [ RunTime:0.003609s ]
SQL: UPDATE `ds_member` SET `ipfs`=ipfs+4.2857 WHERE ( `id` = 21 ) [ RunTime:0.005366s ]
NOTIC: [8] Undefined index: total_weighted_average /www/wwwroot/ipfs/porter/APP/Modules/Systemlogined/Action/RewardAction.class.php 第 324 行.
NOTIC: [8] Undefined index: total_weighted_average /www/wwwroot/ipfs/porter/APP/Modules/Systemlogined/Action/RewardAction.class.php 第 324 行.
NOTIC: [8] Undefined index: total_weighted_average /www/wwwroot/ipfs/porter/APP/Modules/Systemlogined/Action/RewardAction.class.php 第 324 行.
NOTIC: [8] Undefined index: total_weighted_average /www/wwwroot/ipfs/porter/APP/Modules/Systemlogined/Action/RewardAction.class.php 第 324 行.
NOTIC: [8] Undefined index: total_weighted_average /www/wwwroot/ipfs/porter/APP/Modules/Systemlogined/Action/RewardAction.class.php 第 324 行.
NOTIC: [8] Undefined index: total_weighted_average /www/wwwroot/ipfs/porter/APP/Modules/Systemlogined/Action/RewardAction.class.php 第 324 行.
NOTIC: [8] Undefined index: total_weighted_average /www/wwwroot/ipfs/porter/APP/Modules/Systemlogined/Action/RewardAction.class.php 第 324 行.
NOTIC: [8] Undefined index: total_weighted_average /www/wwwroot/ipfs/porter/APP/Modules/Systemlogined/Action/RewardAction.class.php 第 324 行.
NOTIC: [8] Undefined index: total_weighted_average /www/wwwroot/ipfs/porter/APP/Modules/Systemlogined/Action/RewardAction.class.php 第 324 行.
NOTIC: [8] Undefined index: total_weighted_average /www/wwwroot/ipfs/porter/APP/Modules/Systemlogined/Action/RewardAction.class.php 第 324 行.
NOTIC: [8] Undefined index: total_weighted_average /www/wwwroot/ipfs/porter/APP/Modules/Systemlogined/Action/RewardAction.class.php 第 324 行.
NOTIC: [8] Undefined index: total_weighted_average /www/wwwroot/ipfs/porter/APP/Modules/Systemlogined/Action/RewardAction.class.php 第 324 行.
NOTIC: [8] Undefined index: total_weighted_average /www/wwwroot/ipfs/porter/APP/Modules/Systemlogined/Action/RewardAction.class.php 第 324 行.
NOTIC: [8] Undefined index: total_weighted_average /www/wwwroot/ipfs/porter/APP/Modules/Systemlogined/Action/RewardAction.class.php 第 324 行.
NOTIC: [8] Undefined index: total_weighted_average /www/wwwroot/ipfs/porter/APP/Modules/Systemlogined/Action/RewardAction.class.php 第 324 行.
NOTIC: [8] Undefined index: total_weighted_average /www/wwwroot/ipfs/porter/APP/Modules/Systemlogined/Action/RewardAction.class.php 第 324 行.
SQL: UPDATE `ds_reward_status` SET `weighted_status`=1 WHERE ( `date` = '2020-04-22' ) [ RunTime:0.004311s ]

[ 2020-04-22T17:20:47+08:00 ] 119.128.145.211 /index.php/index/index/property
INFO: [ route_check ] --START--
INFO: Run CheckRoute Behavior [ RunTime:0.000645s ]
INFO: [ route_check ] --END-- [ RunTime:0.000717s ]
NOTIC: [8192] preg_replace(): The /e modifier is deprecated, use preg_replace_callback instead /www/wwwroot/ipfs/porter/ThinkPHP/Lib/Core/Dispatcher.class.php 第 249 行.
NOTIC: [8192] preg_replace(): The /e modifier is deprecated, use preg_replace_callback instead /www/wwwroot/ipfs/porter/ThinkPHP/Common/common.php 第 341 行.
NOTIC: [2] stripslashes() expects exactly 1 parameter, 2 given /www/wwwroot/ipfs/porter/ThinkPHP/Lib/Core/App.class.php 第 113 行.
NOTIC: [2] stripslashes() expects exactly 1 parameter, 2 given /www/wwwroot/ipfs/porter/ThinkPHP/Lib/Core/App.class.php 第 113 行.
NOTIC: [2] stripslashes() expects exactly 1 parameter, 2 given /www/wwwroot/ipfs/porter/ThinkPHP/Lib/Core/App.class.php 第 113 行.
INFO: [ app_begin ] --START--
INFO: Run CheckLang Behavior [ RunTime:0.001895s ]
INFO: [ app_begin ] --END-- [ RunTime:0.001946s ]
NOTIC: [8] A session had already been started - ignoring session_start() /www/wwwroot/ipfs/porter/ThinkPHP/Common/functions.php 第 1131 行.
NOTIC: [8192] mysql_connect(): The mysql extension is deprecated and will be removed in the future: use mysqli or PDO instead /www/wwwroot/ipfs/porter/ThinkPHP/Lib/Driver/Db/DbMysql.class.php 第 109 行.
SQL: SHOW COLUMNS FROM `ds_member` [ RunTime:0.002371s ]
NOTIC: [8192] preg_replace(): The /e modifier is deprecated, use preg_replace_callback instead /www/wwwroot/ipfs/porter/ThinkPHP/Lib/Core/Db.class.php 第 1201 行.
SQL: SELECT * FROM `ds_member` WHERE ( `username` = '18888888888' ) LIMIT 1   [ RunTime:0.000565s ]
SQL: UPDATE `ds_member` SET `online_time`=1587547247 WHERE ( `id` = 11 ) [ RunTime:0.006622s ]
INFO: [ view_template ] --START--
INFO: Run LocationTemplate Behavior [ RunTime:0.000497s ]
INFO: [ view_template ] --END-- [ RunTime:0.000553s ]
INFO: [ view_parse ] --START--
NOTIC: [8192] preg_replace(): The /e modifier is deprecated, use preg_replace_callback instead /www/wwwroot/ipfs/porter/ThinkPHP/Lib/Template/ThinkTemplate.class.php 第 545 行.
NOTIC: [8192] preg_replace(): The /e modifier is deprecated, use preg_replace_callback instead /www/wwwroot/ipfs/porter/ThinkPHP/Lib/Template/ThinkTemplate.class.php 第 335 行.
NOTIC: [8192] preg_replace(): The /e modifier is deprecated, use preg_replace_callback instead /www/wwwroot/ipfs/porter/ThinkPHP/Lib/Template/ThinkTemplate.class.php 第 807 行.
NOTIC: [8192] preg_replace(): The /e modifier is deprecated, use preg_replace_callback instead /www/wwwroot/ipfs/porter/ThinkPHP/Lib/Template/ThinkTemplate.class.php 第 807 行.
NOTIC: [8192] preg_replace(): The /e modifier is deprecated, use preg_replace_callback instead /www/wwwroot/ipfs/porter/ThinkPHP/Lib/Template/ThinkTemplate.class.php 第 807 行.
NOTIC: [8192] preg_replace(): The /e modifier is deprecated, use preg_replace_callback instead /www/wwwroot/ipfs/porter/ThinkPHP/Lib/Template/ThinkTemplate.class.php 第 807 行.
NOTIC: [8192] preg_replace(): The /e modifier is deprecated, use preg_replace_callback instead /www/wwwroot/ipfs/porter/ThinkPHP/Lib/Template/ThinkTemplate.class.php 第 807 行.
NOTIC: [8192] preg_replace(): The /e modifier is deprecated, use preg_replace_callback instead /www/wwwroot/ipfs/porter/ThinkPHP/Lib/Template/ThinkTemplate.class.php 第 807 行.
NOTIC: [8192] preg_replace(): The /e modifier is deprecated, use preg_replace_callback instead /www/wwwroot/ipfs/porter/ThinkPHP/Lib/Template/ThinkTemplate.class.php 第 807 行.
NOTIC: [8192] preg_replace(): The /e modifier is deprecated, use preg_replace_callback instead /www/wwwroot/ipfs/porter/ThinkPHP/Lib/Template/ThinkTemplate.class.php 第 807 行.
NOTIC: [8192] preg_replace(): The /e modifier is deprecated, use preg_replace_callback instead /www/wwwroot/ipfs/porter/ThinkPHP/Lib/Template/ThinkTemplate.class.php 第 807 行.
NOTIC: [8192] preg_replace(): The /e modifier is deprecated, use preg_replace_callback instead /www/wwwroot/ipfs/porter/ThinkPHP/Lib/Template/ThinkTemplate.class.php 第 807 行.
NOTIC: [8192] preg_replace(): The /e modifier is deprecated, use preg_replace_callback instead /www/wwwroot/ipfs/porter/ThinkPHP/Lib/Template/ThinkTemplate.class.php 第 807 行.
NOTIC: [8192] preg_replace(): The /e modifier is deprecated, use preg_replace_callback instead /www/wwwroot/ipfs/porter/ThinkPHP/Lib/Template/ThinkTemplate.class.php 第 807 行.
NOTIC: [8192] preg_replace(): The /e modifier is deprecated, use preg_replace_callback instead /www/wwwroot/ipfs/porter/ThinkPHP/Lib/Template/ThinkTemplate.class.php 第 797 行.
NOTIC: [8192] preg_replace(): The /e modifier is deprecated, use preg_replace_callback instead /www/wwwroot/ipfs/porter/ThinkPHP/Lib/Template/ThinkTemplate.class.php 第 797 行.
NOTIC: [8192] preg_replace(): The /e modifier is deprecated, use preg_replace_callback instead /www/wwwroot/ipfs/porter/ThinkPHP/Lib/Template/ThinkTemplate.class.php 第 807 行.
NOTIC: [8192] preg_replace(): The /e modifier is deprecated, use preg_replace_callback instead /www/wwwroot/ipfs/porter/ThinkPHP/Lib/Template/ThinkTemplate.class.php 第 807 行.
NOTIC: [8192] preg_replace(): The /e modifier is deprecated, use preg_replace_callback instead /www/wwwroot/ipfs/porter/ThinkPHP/Lib/Template/ThinkTemplate.class.php 第 807 行.
NOTIC: [8192] preg_replace(): The /e modifier is deprecated, use preg_replace_callback instead /www/wwwroot/ipfs/porter/ThinkPHP/Lib/Template/ThinkTemplate.class.php 第 797 行.
NOTIC: [8192] preg_replace(): The /e modifier is deprecated, use preg_replace_callback instead /www/wwwroot/ipfs/porter/ThinkPHP/Lib/Template/ThinkTemplate.class.php 第 807 行.
NOTIC: [8192] preg_replace(): The /e modifier is deprecated, use preg_replace_callback instead /www/wwwroot/ipfs/porter/ThinkPHP/Lib/Template/ThinkTemplate.class.php 第 807 行.
NOTIC: [8192] preg_replace(): The /e modifier is deprecated, use preg_replace_callback instead /www/wwwroot/ipfs/porter/ThinkPHP/Lib/Template/ThinkTemplate.class.php 第 807 行.
NOTIC: [8192] preg_replace(): The /e modifier is deprecated, use preg_replace_callback instead /www/wwwroot/ipfs/porter/ThinkPHP/Lib/Template/ThinkTemplate.class.php 第 807 行.
NOTIC: [8192] preg_replace(): The /e modifier is deprecated, use preg_replace_callback instead /www/wwwroot/ipfs/porter/ThinkPHP/Lib/Template/ThinkTemplate.class.php 第 807 行.
NOTIC: [8192] preg_replace(): The /e modifier is deprecated, use preg_replace_callback instead /www/wwwroot/ipfs/porter/ThinkPHP/Lib/Template/ThinkTemplate.class.php 第 807 行.
NOTIC: [8192] preg_replace(): The /e modifier is deprecated, use preg_replace_callback instead /www/wwwroot/ipfs/porter/ThinkPHP/Lib/Template/ThinkTemplate.class.php 第 807 行.
NOTIC: [8192] preg_replace(): The /e modifier is deprecated, use preg_replace_callback instead /www/wwwroot/ipfs/porter/ThinkPHP/Lib/Template/ThinkTemplate.class.php 第 807 行.
NOTIC: [8192] preg_replace(): The /e modifier is deprecated, use preg_replace_callback instead /www/wwwroot/ipfs/porter/ThinkPHP/Lib/Template/ThinkTemplate.class.php 第 807 行.
NOTIC: [8192] preg_replace(): The /e modifier is deprecated, use preg_replace_callback instead /www/wwwroot/ipfs/porter/ThinkPHP/Lib/Template/ThinkTemplate.class.php 第 807 行.
NOTIC: [8192] preg_replace(): The /e modifier is deprecated, use preg_replace_callback instead /www/wwwroot/ipfs/porter/ThinkPHP/Lib/Template/ThinkTemplate.class.php 第 807 行.
NOTIC: [8192] preg_replace(): The /e modifier is deprecated, use preg_replace_callback instead /www/wwwroot/ipfs/porter/ThinkPHP/Lib/Template/ThinkTemplate.class.php 第 807 行.
NOTIC: [8192] preg_replace(): The /e modifier is deprecated, use preg_replace_callback instead /www/wwwroot/ipfs/porter/ThinkPHP/Lib/Template/ThinkTemplate.class.php 第 807 行.
NOTIC: [8192] preg_replace(): The /e modifier is deprecated, use preg_replace_callback instead /www/wwwroot/ipfs/porter/ThinkPHP/Lib/Template/ThinkTemplate.class.php 第 807 行.
NOTIC: [8192] preg_replace(): The /e modifier is deprecated, use preg_replace_callback instead /www/wwwroot/ipfs/porter/ThinkPHP/Lib/Template/ThinkTemplate.class.php 第 807 行.
NOTIC: [8192] preg_replace(): The /e modifier is deprecated, use preg_replace_callback instead /www/wwwroot/ipfs/porter/ThinkPHP/Lib/Template/ThinkTemplate.class.php 第 807 行.
NOTIC: [8192] preg_replace(): The /e modifier is deprecated, use preg_replace_callback instead /www/wwwroot/ipfs/porter/ThinkPHP/Lib/Template/ThinkTemplate.class.php 第 807 行.
NOTIC: [8192] preg_replace(): The /e modifier is deprecated, use preg_replace_callback instead /www/wwwroot/ipfs/porter/ThinkPHP/Lib/Template/ThinkTemplate.class.php 第 807 行.
NOTIC: [8192] preg_replace(): The /e modifier is deprecated, use preg_replace_callback instead /www/wwwroot/ipfs/porter/ThinkPHP/Lib/Template/ThinkTemplate.class.php 第 807 行.
NOTIC: [8192] preg_replace(): The /e modifier is deprecated, use preg_replace_callback instead /www/wwwroot/ipfs/porter/ThinkPHP/Lib/Template/ThinkTemplate.class.php 第 807 行.
NOTIC: [8192] preg_replace(): The /e modifier is deprecated, use preg_replace_callback instead /www/wwwroot/ipfs/porter/ThinkPHP/Lib/Template/ThinkTemplate.class.php 第 807 行.
NOTIC: [8192] preg_replace(): The /e modifier is deprecated, use preg_replace_callback instead /www/wwwroot/ipfs/porter/ThinkPHP/Lib/Template/ThinkTemplate.class.php 第 807 行.
NOTIC: [8192] preg_replace(): The /e modifier is deprecated, use preg_replace_callback instead /www/wwwroot/ipfs/porter/ThinkPHP/Lib/Template/ThinkTemplate.class.php 第 807 行.
NOTIC: [8192] preg_replace(): The /e modifier is deprecated, use preg_replace_callback instead /www/wwwroot/ipfs/porter/ThinkPHP/Lib/Template/ThinkTemplate.class.php 第 807 行.
NOTIC: [8192] preg_replace(): The /e modifier is deprecated, use preg_replace_callback instead /www/wwwroot/ipfs/porter/ThinkPHP/Lib/Template/ThinkTemplate.class.php 第 807 行.
NOTIC: [8192] preg_replace(): The /e modifier is deprecated, use preg_replace_callback instead /www/wwwroot/ipfs/porter/ThinkPHP/Lib/Template/ThinkTemplate.class.php 第 807 行.
NOTIC: [8192] preg_replace(): The /e modifier is deprecated, use preg_replace_callback instead /www/wwwroot/ipfs/porter/ThinkPHP/Lib/Template/ThinkTemplate.class.php 第 807 行.
NOTIC: [8192] preg_replace(): The /e modifier is deprecated, use preg_replace_callback instead /www/wwwroot/ipfs/porter/ThinkPHP/Lib/Template/ThinkTemplate.class.php 第 807 行.
NOTIC: [8192] preg_replace(): The /e modifier is deprecated, use preg_replace_callback instead /www/wwwroot/ipfs/porter/ThinkPHP/Lib/Template/ThinkTemplate.class.php 第 807 行.
NOTIC: [8192] preg_replace(): The /e modifier is deprecated, use preg_replace_callback instead /www/wwwroot/ipfs/porter/ThinkPHP/Lib/Template/ThinkTemplate.class.php 第 807 行.
NOTIC: [8192] preg_replace(): The /e modifier is deprecated, use preg_replace_callback instead /www/wwwroot/ipfs/porter/ThinkPHP/Lib/Template/ThinkTemplate.class.php 第 807 行.
NOTIC: [8192] preg_replace(): The /e modifier is deprecated, use preg_replace_callback instead /www/wwwroot/ipfs/porter/ThinkPHP/Lib/Template/ThinkTemplate.class.php 第 807 行.
NOTIC: [8192] preg_replace(): The /e modifier is deprecated, use preg_replace_callback instead /www/wwwroot/ipfs/porter/ThinkPHP/Lib/Template/ThinkTemplate.class.php 第 807 行.
NOTIC: [8192] preg_replace(): The /e modifier is deprecated, use preg_replace_callback instead /www/wwwroot/ipfs/porter/ThinkPHP/Lib/Template/ThinkTemplate.class.php 第 807 行.
NOTIC: [8192] preg_replace(): The /e modifier is deprecated, use preg_replace_callback instead /www/wwwroot/ipfs/porter/ThinkPHP/Lib/Template/ThinkTemplate.class.php 第 807 行.
NOTIC: [8192] preg_replace(): The /e modifier is deprecated, use preg_replace_callback instead /www/wwwroot/ipfs/porter/ThinkPHP/Lib/Template/ThinkTemplate.class.php 第 807 行.
NOTIC: [8192] preg_replace(): The /e modifier is deprecated, use preg_replace_callback instead /www/wwwroot/ipfs/porter/ThinkPHP/Lib/Template/ThinkTemplate.class.php 第 807 行.
NOTIC: [8192] preg_replace(): The /e modifier is deprecated, use preg_replace_callback instead /www/wwwroot/ipfs/porter/ThinkPHP/Lib/Template/ThinkTemplate.class.php 第 807 行.
NOTIC: [8192] preg_replace(): The /e modifier is deprecated, use preg_replace_callback instead /www/wwwroot/ipfs/porter/ThinkPHP/Lib/Template/ThinkTemplate.class.php 第 807 行.
NOTIC: [8192] preg_replace(): The /e modifier is deprecated, use preg_replace_callback instead /www/wwwroot/ipfs/porter/ThinkPHP/Lib/Template/ThinkTemplate.class.php 第 807 行.
NOTIC: [8192] preg_replace(): The /e modifier is deprecated, use preg_replace_callback instead /www/wwwroot/ipfs/porter/ThinkPHP/Lib/Template/ThinkTemplate.class.php 第 807 行.
NOTIC: [8192] preg_replace(): The /e modifier is deprecated, use preg_replace_callback instead /www/wwwroot/ipfs/porter/ThinkPHP/Lib/Template/ThinkTemplate.class.php 第 807 行.
NOTIC: [8192] preg_replace(): The /e modifier is deprecated, use preg_replace_callback instead /www/wwwroot/ipfs/porter/ThinkPHP/Lib/Template/ThinkTemplate.class.php 第 807 行.
NOTIC: [8192] preg_replace(): The /e modifier is deprecated, use preg_replace_callback instead /www/wwwroot/ipfs/porter/ThinkPHP/Lib/Template/ThinkTemplate.class.php 第 807 行.
NOTIC: [8192] preg_replace(): The /e modifier is deprecated, use preg_replace_callback instead /www/wwwroot/ipfs/porter/ThinkPHP/Lib/Template/ThinkTemplate.class.php 第 807 行.
NOTIC: [8192] preg_replace(): The /e modifier is deprecated, use preg_replace_callback instead /www/wwwroot/ipfs/porter/ThinkPHP/Lib/Template/ThinkTemplate.class.php 第 807 行.
NOTIC: [8192] preg_replace(): The /e modifier is deprecated, use preg_replace_callback instead /www/wwwroot/ipfs/porter/ThinkPHP/Lib/Template/ThinkTemplate.class.php 第 807 行.
NOTIC: [8192] preg_replace(): The /e modifier is deprecated, use preg_replace_callback instead /www/wwwroot/ipfs/porter/ThinkPHP/Lib/Template/ThinkTemplate.class.php 第 807 行.
NOTIC: [8192] preg_replace(): The /e modifier is deprecated, use preg_replace_callback instead /www/wwwroot/ipfs/porter/ThinkPHP/Lib/Template/ThinkTemplate.class.php 第 807 行.
NOTIC: [8192] preg_replace(): The /e modifier is deprecated, use preg_replace_callback instead /www/wwwroot/ipfs/porter/ThinkPHP/Lib/Template/ThinkTemplate.class.php 第 807 行.
NOTIC: [8192] preg_replace(): The /e modifier is deprecated, use preg_replace_callback instead /www/wwwroot/ipfs/porter/ThinkPHP/Lib/Template/ThinkTemplate.class.php 第 807 行.
NOTIC: [8192] preg_replace(): The /e modifier is deprecated, use preg_replace_callback instead /www/wwwroot/ipfs/porter/ThinkPHP/Lib/Template/ThinkTemplate.class.php 第 807 行.
NOTIC: [8192] preg_replace(): The /e modifier is deprecated, use preg_replace_callback instead /www/wwwroot/ipfs/porter/ThinkPHP/Lib/Template/ThinkTemplate.class.php 第 807 行.
NOTIC: [8192] preg_replace(): The /e modifier is deprecated, use preg_replace_callback instead /www/wwwroot/ipfs/porter/ThinkPHP/Lib/Template/ThinkTemplate.class.php 第 807 行.
NOTIC: [8192] preg_replace(): The /e modifier is deprecated, use preg_replace_callback instead /www/wwwroot/ipfs/porter/ThinkPHP/Lib/Template/ThinkTemplate.class.php 第 807 行.
NOTIC: [8192] preg_replace(): The /e modifier is deprecated, use preg_replace_callback instead /www/wwwroot/ipfs/porter/ThinkPHP/Lib/Template/ThinkTemplate.class.php 第 807 行.
NOTIC: [8192] preg_replace(): The /e modifier is deprecated, use preg_replace_callback instead /www/wwwroot/ipfs/porter/ThinkPHP/Lib/Template/ThinkTemplate.class.php 第 807 行.
NOTIC: [8192] preg_replace(): The /e modifier is deprecated, use preg_replace_callback instead /www/wwwroot/ipfs/porter/ThinkPHP/Lib/Template/ThinkTemplate.class.php 第 807 行.
NOTIC: [8192] preg_replace(): The /e modifier is deprecated, use preg_replace_callback instead /www/wwwroot/ipfs/porter/ThinkPHP/Lib/Template/ThinkTemplate.class.php 第 807 行.
NOTIC: [8192] preg_replace(): The /e modifier is deprecated, use preg_replace_callback instead /www/wwwroot/ipfs/porter/ThinkPHP/Lib/Template/ThinkTemplate.class.php 第 807 行.
NOTIC: [8192] preg_replace(): The /e modifier is deprecated, use preg_replace_callback instead /www/wwwroot/ipfs/porter/ThinkPHP/Lib/Template/ThinkTemplate.class.php 第 807 行.
NOTIC: [8192] preg_replace(): The /e modifier is deprecated, use preg_replace_callback instead /www/wwwroot/ipfs/porter/ThinkPHP/Lib/Template/ThinkTemplate.class.php 第 807 行.
NOTIC: [8192] preg_replace(): The /e modifier is deprecated, use preg_replace_callback instead /www/wwwroot/ipfs/porter/ThinkPHP/Lib/Template/ThinkTemplate.class.php 第 807 行.
NOTIC: [8192] preg_replace(): The /e modifier is deprecated, use preg_replace_callback instead /www/wwwroot/ipfs/porter/ThinkPHP/Lib/Template/ThinkTemplate.class.php 第 807 行.
NOTIC: [8192] preg_replace(): The /e modifier is deprecated, use preg_replace_callback instead /www/wwwroot/ipfs/porter/ThinkPHP/Lib/Template/ThinkTemplate.class.php 第 807 行.
NOTIC: [8192] preg_replace(): The /e modifier is deprecated, use preg_replace_callback instead /www/wwwroot/ipfs/porter/ThinkPHP/Lib/Template/ThinkTemplate.class.php 第 807 行.
NOTIC: [8192] preg_replace(): The /e modifier is deprecated, use preg_replace_callback instead /www/wwwroot/ipfs/porter/ThinkPHP/Lib/Template/ThinkTemplate.class.php 第 797 行.
NOTIC: [8192] preg_replace(): The /e modifier is deprecated, use preg_replace_callback instead /www/wwwroot/ipfs/porter/ThinkPHP/Lib/Template/ThinkTemplate.class.php 第 797 行.
NOTIC: [8192] preg_replace(): The /e modifier is deprecated, use preg_replace_callback instead /www/wwwroot/ipfs/porter/ThinkPHP/Lib/Template/ThinkTemplate.class.php 第 797 行.
NOTIC: [8192] preg_replace(): The /e modifier is deprecated, use preg_replace_callback instead /www/wwwroot/ipfs/porter/ThinkPHP/Lib/Template/ThinkTemplate.class.php 第 797 行.
NOTIC: [8192] preg_replace(): The /e modifier is deprecated, use preg_replace_callback instead /www/wwwroot/ipfs/porter/ThinkPHP/Lib/Template/ThinkTemplate.class.php 第 797 行.
NOTIC: [8192] preg_replace(): The /e modifier is deprecated, use preg_replace_callback instead /www/wwwroot/ipfs/porter/ThinkPHP/Lib/Template/ThinkTemplate.class.php 第 797 行.
NOTIC: [8192] preg_replace(): The /e modifier is deprecated, use preg_replace_callback instead /www/wwwroot/ipfs/porter/ThinkPHP/Lib/Template/ThinkTemplate.class.php 第 807 行.
NOTIC: [8192] preg_replace(): The /e modifier is deprecated, use preg_replace_callback instead /www/wwwroot/ipfs/porter/ThinkPHP/Lib/Template/ThinkTemplate.class.php 第 807 行.
NOTIC: [8192] preg_replace(): The /e modifier is deprecated, use preg_replace_callback instead /www/wwwroot/ipfs/porter/ThinkPHP/Lib/Template/ThinkTemplate.class.php 第 807 行.
NOTIC: [8192] preg_replace(): The /e modifier is deprecated, use preg_replace_callback instead /www/wwwroot/ipfs/porter/ThinkPHP/Lib/Template/ThinkTemplate.class.php 第 393 行.
NOTIC: [8192] preg_replace(): The /e modifier is deprecated, use preg_replace_callback instead /www/wwwroot/ipfs/porter/ThinkPHP/Lib/Template/ThinkTemplate.class.php 第 273 行.
INFO: Run ParseTemplate Behavior [ RunTime:0.009579s ]
INFO: [ view_parse ] --END-- [ RunTime:0.009628s ]
INFO: [ view_filter ] --START--
INFO: Run ContentReplace Behavior [ RunTime:0.000413s ]
INFO: Run TokenBuild Behavior [ RunTime:0.000413s ]
INFO: Run WriteHtmlCache Behavior [ RunTime:0.000248s ]
INFO: Run ShowRuntime Behavior [ RunTime:0.000446s ]
INFO: [ view_filter ] --END-- [ RunTime:0.001672s ]
INFO: [ view_end ] --START--
INFO: Run ShowPageTrace Behavior [ RunTime:0.000526s ]
INFO: [ view_end ] --END-- [ RunTime:0.000575s ]

[ 2020-04-22T17:22:40+08:00 ] 119.128.145.211 /index.php/systemlogined/jackpot/change_reward_status
INFO: [ route_check ] --START--
INFO: Run CheckRoute Behavior [ RunTime:0.000454s ]
INFO: [ route_check ] --END-- [ RunTime:0.000503s ]
NOTIC: [8192] preg_replace(): The /e modifier is deprecated, use preg_replace_callback instead /www/wwwroot/ipfs/porter/ThinkPHP/Lib/Core/Dispatcher.class.php 第 249 行.
NOTIC: [8192] preg_replace(): The /e modifier is deprecated, use preg_replace_callback instead /www/wwwroot/ipfs/porter/ThinkPHP/Common/common.php 第 341 行.
NOTIC: [2] stripslashes() expects exactly 1 parameter, 2 given /www/wwwroot/ipfs/porter/ThinkPHP/Lib/Core/App.class.php 第 113 行.
NOTIC: [2] stripslashes() expects exactly 1 parameter, 2 given /www/wwwroot/ipfs/porter/ThinkPHP/Lib/Core/App.class.php 第 113 行.
NOTIC: [2] stripslashes() expects exactly 1 parameter, 2 given /www/wwwroot/ipfs/porter/ThinkPHP/Lib/Core/App.class.php 第 113 行.
INFO: [ app_begin ] --START--
INFO: Run CheckLang Behavior [ RunTime:0.000517s ]
INFO: [ app_begin ] --END-- [ RunTime:0.000545s ]
NOTIC: [8] A session had already been started - ignoring session_start() /www/wwwroot/ipfs/porter/ThinkPHP/Common/functions.php 第 1131 行.
NOTIC: [8192] mysql_connect(): The mysql extension is deprecated and will be removed in the future: use mysqli or PDO instead /www/wwwroot/ipfs/porter/ThinkPHP/Lib/Driver/Db/DbMysql.class.php 第 109 行.
SQL: SHOW COLUMNS FROM `ds_jackpot_set` [ RunTime:0.001796s ]
NOTIC: [8192] preg_replace(): The /e modifier is deprecated, use preg_replace_callback instead /www/wwwroot/ipfs/porter/ThinkPHP/Lib/Core/Db.class.php 第 1201 行.
SQL: SELECT * FROM `ds_jackpot_set`  [ RunTime:0.000187s ]
SQL: SHOW COLUMNS FROM `ds_member` [ RunTime:0.001501s ]
NOTIC: [8192] preg_replace(): The /e modifier is deprecated, use preg_replace_callback instead /www/wwwroot/ipfs/porter/ThinkPHP/Lib/Core/Db.class.php 第 1201 行.
SQL: SELECT a.id,a.level,a.username,a.mobile,b.name as level_name FROM ds_member a LEFT JOIN ds_team_level_group  as b on a.level = b.level ORDER BY level desc  [ RunTime:0.000359s ]
NOTIC: [8192] preg_replace(): The /e modifier is deprecated, use preg_replace_callback instead /www/wwwroot/ipfs/porter/ThinkPHP/Lib/Core/Db.class.php 第 1201 行.
SQL: SELECT COUNT(*) AS tp_count FROM `ds_member` WHERE ( `level` = 2 ) LIMIT 1   [ RunTime:0.000210s ]
NOTIC: [8192] preg_replace(): The /e modifier is deprecated, use preg_replace_callback instead /www/wwwroot/ipfs/porter/ThinkPHP/Lib/Core/Db.class.php 第 1201 行.
SQL: SELECT COUNT(*) AS tp_count FROM `ds_member` WHERE ( `level` = 3 ) LIMIT 1   [ RunTime:0.000166s ]
NOTIC: [8192] preg_replace(): The /e modifier is deprecated, use preg_replace_callback instead /www/wwwroot/ipfs/porter/ThinkPHP/Lib/Core/Db.class.php 第 1201 行.
SQL: SELECT COUNT(*) AS tp_count FROM `ds_member` WHERE ( `level` = 4 ) LIMIT 1   [ RunTime:0.000182s ]
NOTIC: [8192] preg_replace(): The /e modifier is deprecated, use preg_replace_callback instead /www/wwwroot/ipfs/porter/ThinkPHP/Lib/Core/Db.class.php 第 1201 行.
SQL: SELECT COUNT(*) AS tp_count FROM `ds_member` WHERE ( `level` = 5 ) LIMIT 1   [ RunTime:0.000158s ]
NOTIC: [8192] preg_replace(): The /e modifier is deprecated, use preg_replace_callback instead /www/wwwroot/ipfs/porter/ThinkPHP/Lib/Core/Db.class.php 第 1201 行.
SQL: SELECT COUNT(*) AS tp_count FROM `ds_member` WHERE ( `level` = 6 ) LIMIT 1   [ RunTime:0.000155s ]
SQL: SHOW COLUMNS FROM `ds_reward_status` [ RunTime:0.001243s ]
NOTIC: [8192] preg_replace(): The /e modifier is deprecated, use preg_replace_callback instead /www/wwwroot/ipfs/porter/ThinkPHP/Lib/Core/Db.class.php 第 1201 行.
SQL: SELECT * FROM `ds_reward_status` WHERE ( `date` = '2020-04-22' ) LIMIT 1   [ RunTime:0.000163s ]
SQL: UPDATE `ds_member` SET `ipfs`=ipfs+50 WHERE ( `id` = 21 ) [ RunTime:0.006345s ]
SQL: UPDATE `ds_member` SET `ipfs`=ipfs+50 WHERE ( `id` = 23 ) [ RunTime:0.003952s ]
SQL: UPDATE `ds_member` SET `ipfs`=ipfs+25 WHERE ( `id` = 25 ) [ RunTime:0.003532s ]
SQL: UPDATE `ds_member` SET `ipfs`=ipfs+25 WHERE ( `id` = 29 ) [ RunTime:0.004631s ]
SQL: UPDATE `ds_reward_status` SET `jackpot_status`=1 WHERE ( `date` = '2020-04-22' ) [ RunTime:0.003747s ]

[ 2020-04-22T17:33:02+08:00 ] 119.128.145.211 /index.php/index/index/wallet
INFO: [ route_check ] --START--
INFO: Run CheckRoute Behavior [ RunTime:0.000729s ]
INFO: [ route_check ] --END-- [ RunTime:0.000804s ]
NOTIC: [8192] preg_replace(): The /e modifier is deprecated, use preg_replace_callback instead /www/wwwroot/ipfs/porter/ThinkPHP/Lib/Core/Dispatcher.class.php 第 249 行.
NOTIC: [8192] preg_replace(): The /e modifier is deprecated, use preg_replace_callback instead /www/wwwroot/ipfs/porter/ThinkPHP/Common/common.php 第 341 行.
NOTIC: [2] stripslashes() expects exactly 1 parameter, 2 given /www/wwwroot/ipfs/porter/ThinkPHP/Lib/Core/App.class.php 第 113 行.
NOTIC: [2] stripslashes() expects exactly 1 parameter, 2 given /www/wwwroot/ipfs/porter/ThinkPHP/Lib/Core/App.class.php 第 113 行.
NOTIC: [2] stripslashes() expects exactly 1 parameter, 2 given /www/wwwroot/ipfs/porter/ThinkPHP/Lib/Core/App.class.php 第 113 行.
INFO: [ app_begin ] --START--
INFO: Run CheckLang Behavior [ RunTime:0.001847s ]
INFO: [ app_begin ] --END-- [ RunTime:0.001894s ]
NOTIC: [8] A session had already been started - ignoring session_start() /www/wwwroot/ipfs/porter/ThinkPHP/Common/functions.php 第 1131 行.
NOTIC: [8192] mysql_connect(): The mysql extension is deprecated and will be removed in the future: use mysqli or PDO instead /www/wwwroot/ipfs/porter/ThinkPHP/Lib/Driver/Db/DbMysql.class.php 第 109 行.
SQL: SHOW COLUMNS FROM `ds_member` [ RunTime:0.004555s ]
NOTIC: [8192] preg_replace(): The /e modifier is deprecated, use preg_replace_callback instead /www/wwwroot/ipfs/porter/ThinkPHP/Lib/Core/Db.class.php 第 1201 行.
SQL: SELECT * FROM `ds_member` WHERE ( `username` = '18888888888' ) LIMIT 1   [ RunTime:0.000520s ]
SQL: UPDATE `ds_member` SET `online_time`=1587547982 WHERE ( `id` = 11 ) [ RunTime:0.010015s ]
INFO: [ view_template ] --START--
INFO: Run LocationTemplate Behavior [ RunTime:0.000557s ]
INFO: [ view_template ] --END-- [ RunTime:0.000610s ]
INFO: [ view_parse ] --START--
NOTIC: [8192] preg_replace(): The /e modifier is deprecated, use preg_replace_callback instead /www/wwwroot/ipfs/porter/ThinkPHP/Lib/Template/ThinkTemplate.class.php 第 545 行.
NOTIC: [8192] preg_replace(): The /e modifier is deprecated, use preg_replace_callback instead /www/wwwroot/ipfs/porter/ThinkPHP/Lib/Template/ThinkTemplate.class.php 第 335 行.
NOTIC: [8192] preg_replace(): The /e modifier is deprecated, use preg_replace_callback instead /www/wwwroot/ipfs/porter/ThinkPHP/Lib/Template/ThinkTemplate.class.php 第 807 行.
NOTIC: [8192] preg_replace(): The /e modifier is deprecated, use preg_replace_callback instead /www/wwwroot/ipfs/porter/ThinkPHP/Lib/Template/ThinkTemplate.class.php 第 807 行.
NOTIC: [8192] preg_replace(): The /e modifier is deprecated, use preg_replace_callback instead /www/wwwroot/ipfs/porter/ThinkPHP/Lib/Template/ThinkTemplate.class.php 第 807 行.
NOTIC: [8192] preg_replace(): The /e modifier is deprecated, use preg_replace_callback instead /www/wwwroot/ipfs/porter/ThinkPHP/Lib/Template/ThinkTemplate.class.php 第 807 行.
NOTIC: [8192] preg_replace(): The /e modifier is deprecated, use preg_replace_callback instead /www/wwwroot/ipfs/porter/ThinkPHP/Lib/Template/ThinkTemplate.class.php 第 807 行.
NOTIC: [8192] preg_replace(): The /e modifier is deprecated, use preg_replace_callback instead /www/wwwroot/ipfs/porter/ThinkPHP/Lib/Template/ThinkTemplate.class.php 第 807 行.
NOTIC: [8192] preg_replace(): The /e modifier is deprecated, use preg_replace_callback instead /www/wwwroot/ipfs/porter/ThinkPHP/Lib/Template/ThinkTemplate.class.php 第 807 行.
NOTIC: [8192] preg_replace(): The /e modifier is deprecated, use preg_replace_callback instead /www/wwwroot/ipfs/porter/ThinkPHP/Lib/Template/ThinkTemplate.class.php 第 807 行.
NOTIC: [8192] preg_replace(): The /e modifier is deprecated, use preg_replace_callback instead /www/wwwroot/ipfs/porter/ThinkPHP/Lib/Template/ThinkTemplate.class.php 第 807 行.
NOTIC: [8192] preg_replace(): The /e modifier is deprecated, use preg_replace_callback instead /www/wwwroot/ipfs/porter/ThinkPHP/Lib/Template/ThinkTemplate.class.php 第 807 行.
NOTIC: [8192] preg_replace(): The /e modifier is deprecated, use preg_replace_callback instead /www/wwwroot/ipfs/porter/ThinkPHP/Lib/Template/ThinkTemplate.class.php 第 807 行.
NOTIC: [8192] preg_replace(): The /e modifier is deprecated, use preg_replace_callback instead /www/wwwroot/ipfs/porter/ThinkPHP/Lib/Template/ThinkTemplate.class.php 第 807 行.
NOTIC: [8192] preg_replace(): The /e modifier is deprecated, use preg_replace_callback instead /www/wwwroot/ipfs/porter/ThinkPHP/Lib/Template/ThinkTemplate.class.php 第 797 行.
NOTIC: [8192] preg_replace(): The /e modifier is deprecated, use preg_replace_callback instead /www/wwwroot/ipfs/porter/ThinkPHP/Lib/Template/ThinkTemplate.class.php 第 797 行.
NOTIC: [8192] preg_replace(): The /e modifier is deprecated, use preg_replace_callback instead /www/wwwroot/ipfs/porter/ThinkPHP/Lib/Template/ThinkTemplate.class.php 第 807 行.
NOTIC: [8192] preg_replace(): The /e modifier is deprecated, use preg_replace_callback instead /www/wwwroot/ipfs/porter/ThinkPHP/Lib/Template/ThinkTemplate.class.php 第 807 行.
NOTIC: [8192] preg_replace(): The /e modifier is deprecated, use preg_replace_callback instead /www/wwwroot/ipfs/porter/ThinkPHP/Lib/Template/ThinkTemplate.class.php 第 807 行.
NOTIC: [8192] preg_replace(): The /e modifier is deprecated, use preg_replace_callback instead /www/wwwroot/ipfs/porter/ThinkPHP/Lib/Template/ThinkTemplate.class.php 第 797 行.
NOTIC: [8192] preg_replace(): The /e modifier is deprecated, use preg_replace_callback instead /www/wwwroot/ipfs/porter/ThinkPHP/Lib/Template/ThinkTemplate.class.php 第 807 行.
NOTIC: [8192] preg_replace(): The /e modifier is deprecated, use preg_replace_callback instead /www/wwwroot/ipfs/porter/ThinkPHP/Lib/Template/ThinkTemplate.class.php 第 807 行.
NOTIC: [8192] preg_replace(): The /e modifier is deprecated, use preg_replace_callback instead /www/wwwroot/ipfs/porter/ThinkPHP/Lib/Template/ThinkTemplate.class.php 第 807 行.
NOTIC: [8192] preg_replace(): The /e modifier is deprecated, use preg_replace_callback instead /www/wwwroot/ipfs/porter/ThinkPHP/Lib/Template/ThinkTemplate.class.php 第 807 行.
NOTIC: [8192] preg_replace(): The /e modifier is deprecated, use preg_replace_callback instead /www/wwwroot/ipfs/porter/ThinkPHP/Lib/Template/ThinkTemplate.class.php 第 807 行.
NOTIC: [8192] preg_replace(): The /e modifier is deprecated, use preg_replace_callback instead /www/wwwroot/ipfs/porter/ThinkPHP/Lib/Template/ThinkTemplate.class.php 第 807 行.
NOTIC: [8192] preg_replace(): The /e modifier is deprecated, use preg_replace_callback instead /www/wwwroot/ipfs/porter/ThinkPHP/Lib/Template/ThinkTemplate.class.php 第 807 行.
NOTIC: [8192] preg_replace(): The /e modifier is deprecated, use preg_replace_callback instead /www/wwwroot/ipfs/porter/ThinkPHP/Lib/Template/ThinkTemplate.class.php 第 807 行.
NOTIC: [8192] preg_replace(): The /e modifier is deprecated, use preg_replace_callback instead /www/wwwroot/ipfs/porter/ThinkPHP/Lib/Template/ThinkTemplate.class.php 第 807 行.
NOTIC: [8192] preg_replace(): The /e modifier is deprecated, use preg_replace_callback instead /www/wwwroot/ipfs/porter/ThinkPHP/Lib/Template/ThinkTemplate.class.php 第 807 行.
NOTIC: [8192] preg_replace(): The /e modifier is deprecated, use preg_replace_callback instead /www/wwwroot/ipfs/porter/ThinkPHP/Lib/Template/ThinkTemplate.class.php 第 807 行.
NOTIC: [8192] preg_replace(): The /e modifier is deprecated, use preg_replace_callback instead /www/wwwroot/ipfs/porter/ThinkPHP/Lib/Template/ThinkTemplate.class.php 第 807 行.
NOTIC: [8192] preg_replace(): The /e modifier is deprecated, use preg_replace_callback instead /www/wwwroot/ipfs/porter/ThinkPHP/Lib/Template/ThinkTemplate.class.php 第 807 行.
NOTIC: [8192] preg_replace(): The /e modifier is deprecated, use preg_replace_callback instead /www/wwwroot/ipfs/porter/ThinkPHP/Lib/Template/ThinkTemplate.class.php 第 807 行.
NOTIC: [8192] preg_replace(): The /e modifier is deprecated, use preg_replace_callback instead /www/wwwroot/ipfs/porter/ThinkPHP/Lib/Template/ThinkTemplate.class.php 第 807 行.
NOTIC: [8192] preg_replace(): The /e modifier is deprecated, use preg_replace_callback instead /www/wwwroot/ipfs/porter/ThinkPHP/Lib/Template/ThinkTemplate.class.php 第 807 行.
NOTIC: [8192] preg_replace(): The /e modifier is deprecated, use preg_replace_callback instead /www/wwwroot/ipfs/porter/ThinkPHP/Lib/Template/ThinkTemplate.class.php 第 807 行.
NOTIC: [8192] preg_replace(): The /e modifier is deprecated, use preg_replace_callback instead /www/wwwroot/ipfs/porter/ThinkPHP/Lib/Template/ThinkTemplate.class.php 第 807 行.
NOTIC: [8192] preg_replace(): The /e modifier is deprecated, use preg_replace_callback instead /www/wwwroot/ipfs/porter/ThinkPHP/Lib/Template/ThinkTemplate.class.php 第 807 行.
NOTIC: [8192] preg_replace(): The /e modifier is deprecated, use preg_replace_callback instead /www/wwwroot/ipfs/porter/ThinkPHP/Lib/Template/ThinkTemplate.class.php 第 807 行.
NOTIC: [8192] preg_replace(): The /e modifier is deprecated, use preg_replace_callback instead /www/wwwroot/ipfs/porter/ThinkPHP/Lib/Template/ThinkTemplate.class.php 第 807 行.
NOTIC: [8192] preg_replace(): The /e modifier is deprecated, use preg_replace_callback instead /www/wwwroot/ipfs/porter/ThinkPHP/Lib/Template/ThinkTemplate.class.php 第 807 行.
NOTIC: [8192] preg_replace(): The /e modifier is deprecated, use preg_replace_callback instead /www/wwwroot/ipfs/porter/ThinkPHP/Lib/Template/ThinkTemplate.class.php 第 807 行.
NOTIC: [8192] preg_replace(): The /e modifier is deprecated, use preg_replace_callback instead /www/wwwroot/ipfs/porter/ThinkPHP/Lib/Template/ThinkTemplate.class.php 第 807 行.
NOTIC: [8192] preg_replace(): The /e modifier is deprecated, use preg_replace_callback instead /www/wwwroot/ipfs/porter/ThinkPHP/Lib/Template/ThinkTemplate.class.php 第 807 行.
NOTIC: [8192] preg_replace(): The /e modifier is deprecated, use preg_replace_callback instead /www/wwwroot/ipfs/porter/ThinkPHP/Lib/Template/ThinkTemplate.class.php 第 807 行.
NOTIC: [8192] preg_replace(): The /e modifier is deprecated, use preg_replace_callback instead /www/wwwroot/ipfs/porter/ThinkPHP/Lib/Template/ThinkTemplate.class.php 第 807 行.
NOTIC: [8192] preg_replace(): The /e modifier is deprecated, use preg_replace_callback instead /www/wwwroot/ipfs/porter/ThinkPHP/Lib/Template/ThinkTemplate.class.php 第 807 行.
NOTIC: [8192] preg_replace(): The /e modifier is deprecated, use preg_replace_callback instead /www/wwwroot/ipfs/porter/ThinkPHP/Lib/Template/ThinkTemplate.class.php 第 807 行.
NOTIC: [8192] preg_replace(): The /e modifier is deprecated, use preg_replace_callback instead /www/wwwroot/ipfs/porter/ThinkPHP/Lib/Template/ThinkTemplate.class.php 第 807 行.
NOTIC: [8192] preg_replace(): The /e modifier is deprecated, use preg_replace_callback instead /www/wwwroot/ipfs/porter/ThinkPHP/Lib/Template/ThinkTemplate.class.php 第 807 行.
NOTIC: [8192] preg_replace(): The /e modifier is deprecated, use preg_replace_callback instead /www/wwwroot/ipfs/porter/ThinkPHP/Lib/Template/ThinkTemplate.class.php 第 807 行.
NOTIC: [8192] preg_replace(): The /e modifier is deprecated, use preg_replace_callback instead /www/wwwroot/ipfs/porter/ThinkPHP/Lib/Template/ThinkTemplate.class.php 第 807 行.
NOTIC: [8192] preg_replace(): The /e modifier is deprecated, use preg_replace_callback instead /www/wwwroot/ipfs/porter/ThinkPHP/Lib/Template/ThinkTemplate.class.php 第 807 行.
NOTIC: [8192] preg_replace(): The /e modifier is deprecated, use preg_replace_callback instead /www/wwwroot/ipfs/porter/ThinkPHP/Lib/Template/ThinkTemplate.class.php 第 807 行.
NOTIC: [8192] preg_replace(): The /e modifier is deprecated, use preg_replace_callback instead /www/wwwroot/ipfs/porter/ThinkPHP/Lib/Template/ThinkTemplate.class.php 第 807 行.
NOTIC: [8192] preg_replace(): The /e modifier is deprecated, use preg_replace_callback instead /www/wwwroot/ipfs/porter/ThinkPHP/Lib/Template/ThinkTemplate.class.php 第 807 行.
NOTIC: [8192] preg_replace(): The /e modifier is deprecated, use preg_replace_callback instead /www/wwwroot/ipfs/porter/ThinkPHP/Lib/Template/ThinkTemplate.class.php 第 807 行.
NOTIC: [8192] preg_replace(): The /e modifier is deprecated, use preg_replace_callback instead /www/wwwroot/ipfs/porter/ThinkPHP/Lib/Template/ThinkTemplate.class.php 第 807 行.
NOTIC: [8192] preg_replace(): The /e modifier is deprecated, use preg_replace_callback instead /www/wwwroot/ipfs/porter/ThinkPHP/Lib/Template/ThinkTemplate.class.php 第 807 行.
NOTIC: [8192] preg_replace(): The /e modifier is deprecated, use preg_replace_callback instead /www/wwwroot/ipfs/porter/ThinkPHP/Lib/Template/ThinkTemplate.class.php 第 807 行.
NOTIC: [8192] preg_replace(): The /e modifier is deprecated, use preg_replace_callback instead /www/wwwroot/ipfs/porter/ThinkPHP/Lib/Template/ThinkTemplate.class.php 第 807 行.
NOTIC: [8192] preg_replace(): The /e modifier is deprecated, use preg_replace_callback instead /www/wwwroot/ipfs/porter/ThinkPHP/Lib/Template/ThinkTemplate.class.php 第 807 行.
NOTIC: [8192] preg_replace(): The /e modifier is deprecated, use preg_replace_callback instead /www/wwwroot/ipfs/porter/ThinkPHP/Lib/Template/ThinkTemplate.class.php 第 807 行.
NOTIC: [8192] preg_replace(): The /e modifier is deprecated, use preg_replace_callback instead /www/wwwroot/ipfs/porter/ThinkPHP/Lib/Template/ThinkTemplate.class.php 第 807 行.
NOTIC: [8192] preg_replace(): The /e modifier is deprecated, use preg_replace_callback instead /www/wwwroot/ipfs/porter/ThinkPHP/Lib/Template/ThinkTemplate.class.php 第 807 行.
NOTIC: [8192] preg_replace(): The /e modifier is deprecated, use preg_replace_callback instead /www/wwwroot/ipfs/porter/ThinkPHP/Lib/Template/ThinkTemplate.class.php 第 807 行.
NOTIC: [8192] preg_replace(): The /e modifier is deprecated, use preg_replace_callback instead /www/wwwroot/ipfs/porter/ThinkPHP/Lib/Template/ThinkTemplate.class.php 第 807 行.
NOTIC: [8192] preg_replace(): The /e modifier is deprecated, use preg_replace_callback instead /www/wwwroot/ipfs/porter/ThinkPHP/Lib/Template/ThinkTemplate.class.php 第 807 行.
NOTIC: [8192] preg_replace(): The /e modifier is deprecated, use preg_replace_callback instead /www/wwwroot/ipfs/porter/ThinkPHP/Lib/Template/ThinkTemplate.class.php 第 807 行.
NOTIC: [8192] preg_replace(): The /e modifier is deprecated, use preg_replace_callback instead /www/wwwroot/ipfs/porter/ThinkPHP/Lib/Template/ThinkTemplate.class.php 第 807 行.
NOTIC: [8192] preg_replace(): The /e modifier is deprecated, use preg_replace_callback instead /www/wwwroot/ipfs/porter/ThinkPHP/Lib/Template/ThinkTemplate.class.php 第 807 行.
NOTIC: [8192] preg_replace(): The /e modifier is deprecated, use preg_replace_callback instead /www/wwwroot/ipfs/porter/ThinkPHP/Lib/Template/ThinkTemplate.class.php 第 807 行.
NOTIC: [8192] preg_replace(): The /e modifier is deprecated, use preg_replace_callback instead /www/wwwroot/ipfs/porter/ThinkPHP/Lib/Template/ThinkTemplate.class.php 第 807 行.
NOTIC: [8192] preg_replace(): The /e modifier is deprecated, use preg_replace_callback instead /www/wwwroot/ipfs/porter/ThinkPHP/Lib/Template/ThinkTemplate.class.php 第 807 行.
NOTIC: [8192] preg_replace(): The /e modifier is deprecated, use preg_replace_callback instead /www/wwwroot/ipfs/porter/ThinkPHP/Lib/Template/ThinkTemplate.class.php 第 807 行.
NOTIC: [8192] preg_replace(): The /e modifier is deprecated, use preg_replace_callback instead /www/wwwroot/ipfs/porter/ThinkPHP/Lib/Template/ThinkTemplate.class.php 第 807 行.
NOTIC: [8192] preg_replace(): The /e modifier is deprecated, use preg_replace_callback instead /www/wwwroot/ipfs/porter/ThinkPHP/Lib/Template/ThinkTemplate.class.php 第 807 行.
NOTIC: [8192] preg_replace(): The /e modifier is deprecated, use preg_replace_callback instead /www/wwwroot/ipfs/porter/ThinkPHP/Lib/Template/ThinkTemplate.class.php 第 807 行.
NOTIC: [8192] preg_replace(): The /e modifier is deprecated, use preg_replace_callback instead /www/wwwroot/ipfs/porter/ThinkPHP/Lib/Template/ThinkTemplate.class.php 第 807 行.
NOTIC: [8192] preg_replace(): The /e modifier is deprecated, use preg_replace_callback instead /www/wwwroot/ipfs/porter/ThinkPHP/Lib/Template/ThinkTemplate.class.php 第 807 行.
NOTIC: [8192] preg_replace(): The /e modifier is deprecated, use preg_replace_callback instead /www/wwwroot/ipfs/porter/ThinkPHP/Lib/Template/ThinkTemplate.class.php 第 807 行.
NOTIC: [8192] preg_replace(): The /e modifier is deprecated, use preg_replace_callback instead /www/wwwroot/ipfs/porter/ThinkPHP/Lib/Template/ThinkTemplate.class.php 第 807 行.
NOTIC: [8192] preg_replace(): The /e modifier is deprecated, use preg_replace_callback instead /www/wwwroot/ipfs/porter/ThinkPHP/Lib/Template/ThinkTemplate.class.php 第 807 行.
NOTIC: [8192] preg_replace(): The /e modifier is deprecated, use preg_replace_callback instead /www/wwwroot/ipfs/porter/ThinkPHP/Lib/Template/ThinkTemplate.class.php 第 807 行.
NOTIC: [8192] preg_replace(): The /e modifier is deprecated, use preg_replace_callback instead /www/wwwroot/ipfs/porter/ThinkPHP/Lib/Template/ThinkTemplate.class.php 第 807 行.
NOTIC: [8192] preg_replace(): The /e modifier is deprecated, use preg_replace_callback instead /www/wwwroot/ipfs/porter/ThinkPHP/Lib/Template/ThinkTemplate.class.php 第 797 行.
NOTIC: [8192] preg_replace(): The /e modifier is deprecated, use preg_replace_callback instead /www/wwwroot/ipfs/porter/ThinkPHP/Lib/Template/ThinkTemplate.class.php 第 797 行.
NOTIC: [8192] preg_replace(): The /e modifier is deprecated, use preg_replace_callback instead /www/wwwroot/ipfs/porter/ThinkPHP/Lib/Template/ThinkTemplate.class.php 第 797 行.
NOTIC: [8192] preg_replace(): The /e modifier is deprecated, use preg_replace_callback instead /www/wwwroot/ipfs/porter/ThinkPHP/Lib/Template/ThinkTemplate.class.php 第 797 行.
NOTIC: [8192] preg_replace(): The /e modifier is deprecated, use preg_replace_callback instead /www/wwwroot/ipfs/porter/ThinkPHP/Lib/Template/ThinkTemplate.class.php 第 797 行.
NOTIC: [8192] preg_replace(): The /e modifier is deprecated, use preg_replace_callback instead /www/wwwroot/ipfs/porter/ThinkPHP/Lib/Template/ThinkTemplate.class.php 第 797 行.
NOTIC: [8192] preg_replace(): The /e modifier is deprecated, use preg_replace_callback instead /www/wwwroot/ipfs/porter/ThinkPHP/Lib/Template/ThinkTemplate.class.php 第 807 行.
NOTIC: [8192] preg_replace(): The /e modifier is deprecated, use preg_replace_callback instead /www/wwwroot/ipfs/porter/ThinkPHP/Lib/Template/ThinkTemplate.class.php 第 807 行.
NOTIC: [8192] preg_replace(): The /e modifier is deprecated, use preg_replace_callback instead /www/wwwroot/ipfs/porter/ThinkPHP/Lib/Template/ThinkTemplate.class.php 第 807 行.
NOTIC: [8192] preg_replace(): The /e modifier is deprecated, use preg_replace_callback instead /www/wwwroot/ipfs/porter/ThinkPHP/Lib/Template/ThinkTemplate.class.php 第 393 行.
NOTIC: [8192] preg_replace(): The /e modifier is deprecated, use preg_replace_callback instead /www/wwwroot/ipfs/porter/ThinkPHP/Lib/Template/ThinkTemplate.class.php 第 273 行.
INFO: Run ParseTemplate Behavior [ RunTime:0.008623s ]
INFO: [ view_parse ] --END-- [ RunTime:0.008675s ]
INFO: [ view_filter ] --START--
INFO: Run ContentReplace Behavior [ RunTime:0.000312s ]
INFO: Run TokenBuild Behavior [ RunTime:0.000413s ]
INFO: Run WriteHtmlCache Behavior [ RunTime:0.000262s ]
INFO: Run ShowRuntime Behavior [ RunTime:0.000414s ]
INFO: [ view_filter ] --END-- [ RunTime:0.001549s ]
INFO: [ view_end ] --START--
INFO: Run ShowPageTrace Behavior [ RunTime:0.000554s ]
INFO: [ view_end ] --END-- [ RunTime:0.000597s ]

[ 2020-04-22T17:33:12+08:00 ] 119.128.145.211 /index/shop/detail?id=10
INFO: [ route_check ] --START--
INFO: Run CheckRoute Behavior [ RunTime:0.000424s ]
INFO: [ route_check ] --END-- [ RunTime:0.000480s ]
NOTIC: [8192] preg_replace(): The /e modifier is deprecated, use preg_replace_callback instead /www/wwwroot/ipfs/porter/ThinkPHP/Lib/Core/Dispatcher.class.php 第 249 行.
NOTIC: [8192] preg_replace(): The /e modifier is deprecated, use preg_replace_callback instead /www/wwwroot/ipfs/porter/ThinkPHP/Common/common.php 第 341 行.
NOTIC: [2] stripslashes() expects exactly 1 parameter, 2 given /www/wwwroot/ipfs/porter/ThinkPHP/Lib/Core/App.class.php 第 113 行.
NOTIC: [2] stripslashes() expects exactly 1 parameter, 2 given /www/wwwroot/ipfs/porter/ThinkPHP/Lib/Core/App.class.php 第 113 行.
NOTIC: [2] stripslashes() expects exactly 1 parameter, 2 given /www/wwwroot/ipfs/porter/ThinkPHP/Lib/Core/App.class.php 第 113 行.
NOTIC: [2] stripslashes() expects exactly 1 parameter, 2 given /www/wwwroot/ipfs/porter/ThinkPHP/Lib/Core/App.class.php 第 113 行.
NOTIC: [2] htmlspecialchars() expects parameter 2 to be long, string given /www/wwwroot/ipfs/porter/ThinkPHP/Lib/Core/App.class.php 第 113 行.
INFO: [ app_begin ] --START--
INFO: Run CheckLang Behavior [ RunTime:0.001191s ]
INFO: [ app_begin ] --END-- [ RunTime:0.001224s ]
NOTIC: [8] A session had already been started - ignoring session_start() /www/wwwroot/ipfs/porter/ThinkPHP/Common/functions.php 第 1131 行.
NOTIC: [2048] Declaration of ShopAction::show() should be compatible with Action::show($content, $charset = '', $contentType = '', $prefix = '') /www/wwwroot/ipfs/porter/APP/Modules/Index/Action/ShopAction.class.php 第 5 行.
NOTIC: [8192] mysql_connect(): The mysql extension is deprecated and will be removed in the future: use mysqli or PDO instead /www/wwwroot/ipfs/porter/ThinkPHP/Lib/Driver/Db/DbMysql.class.php 第 109 行.
SQL: SHOW COLUMNS FROM `ds_member` [ RunTime:0.002039s ]
NOTIC: [8192] preg_replace(): The /e modifier is deprecated, use preg_replace_callback instead /www/wwwroot/ipfs/porter/ThinkPHP/Lib/Core/Db.class.php 第 1201 行.
SQL: SELECT * FROM `ds_member` WHERE ( `username` = '18888888888' ) LIMIT 1   [ RunTime:0.000467s ]
SQL: UPDATE `ds_member` SET `online_time`=1587547992 WHERE ( `id` = 11 ) [ RunTime:0.011319s ]
NOTIC: [2] stripslashes() expects exactly 1 parameter, 2 given /www/wwwroot/ipfs/porter/ThinkPHP/Common/common.php 第 141 行.
NOTIC: [2] stripslashes() expects exactly 1 parameter, 2 given /www/wwwroot/ipfs/porter/ThinkPHP/Common/common.php 第 141 行.
NOTIC: [2] stripslashes() expects exactly 1 parameter, 2 given /www/wwwroot/ipfs/porter/ThinkPHP/Common/common.php 第 141 行.
NOTIC: [2] stripslashes() expects exactly 1 parameter, 2 given /www/wwwroot/ipfs/porter/ThinkPHP/Common/common.php 第 141 行.
NOTIC: [2] htmlspecialchars() expects parameter 2 to be long, string given /www/wwwroot/ipfs/porter/ThinkPHP/Common/common.php 第 141 行.
SQL: SHOW COLUMNS FROM `ds_product` [ RunTime:0.001718s ]
NOTIC: [8192] preg_replace(): The /e modifier is deprecated, use preg_replace_callback instead /www/wwwroot/ipfs/porter/ThinkPHP/Lib/Core/Db.class.php 第 1201 行.
SQL: SELECT * FROM `ds_product` WHERE ( `id` = 10 ) AND ( `is_on` = 0 ) LIMIT 1   [ RunTime:0.000258s ]
INFO: [ view_template ] --START--
INFO: Run LocationTemplate Behavior [ RunTime:0.000372s ]
INFO: [ view_template ] --END-- [ RunTime:0.000403s ]
INFO: [ view_parse ] --START--
NOTIC: [8192] preg_replace(): The /e modifier is deprecated, use preg_replace_callback instead /www/wwwroot/ipfs/porter/ThinkPHP/Lib/Template/ThinkTemplate.class.php 第 545 行.
NOTIC: [8192] preg_replace(): The /e modifier is deprecated, use preg_replace_callback instead /www/wwwroot/ipfs/porter/ThinkPHP/Lib/Template/ThinkTemplate.class.php 第 335 行.
NOTIC: [8192] preg_replace(): The /e modifier is deprecated, use preg_replace_callback instead /www/wwwroot/ipfs/porter/ThinkPHP/Lib/Template/ThinkTemplate.class.php 第 807 行.
NOTIC: [8192] preg_replace(): The /e modifier is deprecated, use preg_replace_callback instead /www/wwwroot/ipfs/porter/ThinkPHP/Lib/Template/ThinkTemplate.class.php 第 807 行.
NOTIC: [8192] preg_replace(): The /e modifier is deprecated, use preg_replace_callback instead /www/wwwroot/ipfs/porter/ThinkPHP/Lib/Template/ThinkTemplate.class.php 第 807 行.
NOTIC: [8192] preg_replace(): The /e modifier is deprecated, use preg_replace_callback instead /www/wwwroot/ipfs/porter/ThinkPHP/Lib/Template/ThinkTemplate.class.php 第 807 行.
NOTIC: [8192] preg_replace(): The /e modifier is deprecated, use preg_replace_callback instead /www/wwwroot/ipfs/porter/ThinkPHP/Lib/Template/ThinkTemplate.class.php 第 807 行.
NOTIC: [8192] preg_replace(): The /e modifier is deprecated, use preg_replace_callback instead /www/wwwroot/ipfs/porter/ThinkPHP/Lib/Template/ThinkTemplate.class.php 第 807 行.
NOTIC: [8192] preg_replace(): The /e modifier is deprecated, use preg_replace_callback instead /www/wwwroot/ipfs/porter/ThinkPHP/Lib/Template/ThinkTemplate.class.php 第 807 行.
NOTIC: [8192] preg_replace(): The /e modifier is deprecated, use preg_replace_callback instead /www/wwwroot/ipfs/porter/ThinkPHP/Lib/Template/ThinkTemplate.class.php 第 807 行.
NOTIC: [8192] preg_replace(): The /e modifier is deprecated, use preg_replace_callback instead /www/wwwroot/ipfs/porter/ThinkPHP/Lib/Template/ThinkTemplate.class.php 第 807 行.
NOTIC: [8192] preg_replace(): The /e modifier is deprecated, use preg_replace_callback instead /www/wwwroot/ipfs/porter/ThinkPHP/Lib/Template/ThinkTemplate.class.php 第 807 行.
NOTIC: [8192] preg_replace(): The /e modifier is deprecated, use preg_replace_callback instead /www/wwwroot/ipfs/porter/ThinkPHP/Lib/Template/ThinkTemplate.class.php 第 807 行.
NOTIC: [8192] preg_replace(): The /e modifier is deprecated, use preg_replace_callback instead /www/wwwroot/ipfs/porter/ThinkPHP/Lib/Template/ThinkTemplate.class.php 第 807 行.
NOTIC: [8192] preg_replace(): The /e modifier is deprecated, use preg_replace_callback instead /www/wwwroot/ipfs/porter/ThinkPHP/Lib/Template/ThinkTemplate.class.php 第 797 行.
NOTIC: [8192] preg_replace(): The /e modifier is deprecated, use preg_replace_callback instead /www/wwwroot/ipfs/porter/ThinkPHP/Lib/Template/ThinkTemplate.class.php 第 797 行.
NOTIC: [8192] preg_replace(): The /e modifier is deprecated, use preg_replace_callback instead /www/wwwroot/ipfs/porter/ThinkPHP/Lib/Template/ThinkTemplate.class.php 第 807 行.
NOTIC: [8192] preg_replace(): The /e modifier is deprecated, use preg_replace_callback instead /www/wwwroot/ipfs/porter/ThinkPHP/Lib/Template/ThinkTemplate.class.php 第 807 行.
NOTIC: [8192] preg_replace(): The /e modifier is deprecated, use preg_replace_callback instead /www/wwwroot/ipfs/porter/ThinkPHP/Lib/Template/ThinkTemplate.class.php 第 807 行.
NOTIC: [8192] preg_replace(): The /e modifier is deprecated, use preg_replace_callback instead /www/wwwroot/ipfs/porter/ThinkPHP/Lib/Template/ThinkTemplate.class.php 第 797 行.
NOTIC: [8192] preg_replace(): The /e modifier is deprecated, use preg_replace_callback instead /www/wwwroot/ipfs/porter/ThinkPHP/Lib/Template/ThinkTemplate.class.php 第 807 行.
NOTIC: [8192] preg_replace(): The /e modifier is deprecated, use preg_replace_callback instead /www/wwwroot/ipfs/porter/ThinkPHP/Lib/Template/ThinkTemplate.class.php 第 807 行.
NOTIC: [8192] preg_replace(): The /e modifier is deprecated, use preg_replace_callback instead /www/wwwroot/ipfs/porter/ThinkPHP/Lib/Template/ThinkTemplate.class.php 第 807 行.
NOTIC: [8192] preg_replace(): The /e modifier is deprecated, use preg_replace_callback instead /www/wwwroot/ipfs/porter/ThinkPHP/Lib/Template/ThinkTemplate.class.php 第 807 行.
NOTIC: [8192] preg_replace(): The /e modifier is deprecated, use preg_replace_callback instead /www/wwwroot/ipfs/porter/ThinkPHP/Lib/Template/ThinkTemplate.class.php 第 807 行.
NOTIC: [8192] preg_replace(): The /e modifier is deprecated, use preg_replace_callback instead /www/wwwroot/ipfs/porter/ThinkPHP/Lib/Template/ThinkTemplate.class.php 第 807 行.
NOTIC: [8192] preg_replace(): The /e modifier is deprecated, use preg_replace_callback instead /www/wwwroot/ipfs/porter/ThinkPHP/Lib/Template/ThinkTemplate.class.php 第 807 行.
NOTIC: [8192] preg_replace(): The /e modifier is deprecated, use preg_replace_callback instead /www/wwwroot/ipfs/porter/ThinkPHP/Lib/Template/ThinkTemplate.class.php 第 807 行.
NOTIC: [8192] preg_replace(): The /e modifier is deprecated, use preg_replace_callback instead /www/wwwroot/ipfs/porter/ThinkPHP/Lib/Template/ThinkTemplate.class.php 第 807 行.
NOTIC: [8192] preg_replace(): The /e modifier is deprecated, use preg_replace_callback instead /www/wwwroot/ipfs/porter/ThinkPHP/Lib/Template/ThinkTemplate.class.php 第 807 行.
NOTIC: [8192] preg_replace(): The /e modifier is deprecated, use preg_replace_callback instead /www/wwwroot/ipfs/porter/ThinkPHP/Lib/Template/ThinkTemplate.class.php 第 807 行.
NOTIC: [8192] preg_replace(): The /e modifier is deprecated, use preg_replace_callback instead /www/wwwroot/ipfs/porter/ThinkPHP/Lib/Template/ThinkTemplate.class.php 第 807 行.
NOTIC: [8192] preg_replace(): The /e modifier is deprecated, use preg_replace_callback instead /www/wwwroot/ipfs/porter/ThinkPHP/Lib/Template/ThinkTemplate.class.php 第 807 行.
NOTIC: [8192] preg_replace(): The /e modifier is deprecated, use preg_replace_callback instead /www/wwwroot/ipfs/porter/ThinkPHP/Lib/Template/ThinkTemplate.class.php 第 807 行.
NOTIC: [8192] preg_replace(): The /e modifier is deprecated, use preg_replace_callback instead /www/wwwroot/ipfs/porter/ThinkPHP/Lib/Template/ThinkTemplate.class.php 第 807 行.
NOTIC: [8192] preg_replace(): The /e modifier is deprecated, use preg_replace_callback instead /www/wwwroot/ipfs/porter/ThinkPHP/Lib/Template/ThinkTemplate.class.php 第 807 行.
NOTIC: [8192] preg_replace(): The /e modifier is deprecated, use preg_replace_callback instead /www/wwwroot/ipfs/porter/ThinkPHP/Lib/Template/ThinkTemplate.class.php 第 807 行.
NOTIC: [8192] preg_replace(): The /e modifier is deprecated, use preg_replace_callback instead /www/wwwroot/ipfs/porter/ThinkPHP/Lib/Template/ThinkTemplate.class.php 第 807 行.
NOTIC: [8192] preg_replace(): The /e modifier is deprecated, use preg_replace_callback instead /www/wwwroot/ipfs/porter/ThinkPHP/Lib/Template/ThinkTemplate.class.php 第 807 行.
NOTIC: [8192] preg_replace(): The /e modifier is deprecated, use preg_replace_callback instead /www/wwwroot/ipfs/porter/ThinkPHP/Lib/Template/ThinkTemplate.class.php 第 807 行.
NOTIC: [8192] preg_replace(): The /e modifier is deprecated, use preg_replace_callback instead /www/wwwroot/ipfs/porter/ThinkPHP/Lib/Template/ThinkTemplate.class.php 第 807 行.
NOTIC: [8192] preg_replace(): The /e modifier is deprecated, use preg_replace_callback instead /www/wwwroot/ipfs/porter/ThinkPHP/Lib/Template/ThinkTemplate.class.php 第 807 行.
NOTIC: [8192] preg_replace(): The /e modifier is deprecated, use preg_replace_callback instead /www/wwwroot/ipfs/porter/ThinkPHP/Lib/Template/ThinkTemplate.class.php 第 807 行.
NOTIC: [8192] preg_replace(): The /e modifier is deprecated, use preg_replace_callback instead /www/wwwroot/ipfs/porter/ThinkPHP/Lib/Template/ThinkTemplate.class.php 第 807 行.
NOTIC: [8192] preg_replace(): The /e modifier is deprecated, use preg_replace_callback instead /www/wwwroot/ipfs/porter/ThinkPHP/Lib/Template/ThinkTemplate.class.php 第 807 行.
NOTIC: [8192] preg_replace(): The /e modifier is deprecated, use preg_replace_callback instead /www/wwwroot/ipfs/porter/ThinkPHP/Lib/Template/ThinkTemplate.class.php 第 807 行.
NOTIC: [8192] preg_replace(): The /e modifier is deprecated, use preg_replace_callback instead /www/wwwroot/ipfs/porter/ThinkPHP/Lib/Template/ThinkTemplate.class.php 第 807 行.
NOTIC: [8192] preg_replace(): The /e modifier is deprecated, use preg_replace_callback instead /www/wwwroot/ipfs/porter/ThinkPHP/Lib/Template/ThinkTemplate.class.php 第 807 行.
NOTIC: [8192] preg_replace(): The /e modifier is deprecated, use preg_replace_callback instead /www/wwwroot/ipfs/porter/ThinkPHP/Lib/Template/ThinkTemplate.class.php 第 807 行.
NOTIC: [8192] preg_replace(): The /e modifier is deprecated, use preg_replace_callback instead /www/wwwroot/ipfs/porter/ThinkPHP/Lib/Template/ThinkTemplate.class.php 第 807 行.
NOTIC: [8192] preg_replace(): The /e modifier is deprecated, use preg_replace_callback instead /www/wwwroot/ipfs/porter/ThinkPHP/Lib/Template/ThinkTemplate.class.php 第 807 行.
NOTIC: [8192] preg_replace(): The /e modifier is deprecated, use preg_replace_callback instead /www/wwwroot/ipfs/porter/ThinkPHP/Lib/Template/ThinkTemplate.class.php 第 807 行.
NOTIC: [8192] preg_replace(): The /e modifier is deprecated, use preg_replace_callback instead /www/wwwroot/ipfs/porter/ThinkPHP/Lib/Template/ThinkTemplate.class.php 第 807 行.
NOTIC: [8192] preg_replace(): The /e modifier is deprecated, use preg_replace_callback instead /www/wwwroot/ipfs/porter/ThinkPHP/Lib/Template/ThinkTemplate.class.php 第 807 行.
NOTIC: [8192] preg_replace(): The /e modifier is deprecated, use preg_replace_callback instead /www/wwwroot/ipfs/porter/ThinkPHP/Lib/Template/ThinkTemplate.class.php 第 807 行.
NOTIC: [8192] preg_replace(): The /e modifier is deprecated, use preg_replace_callback instead /www/wwwroot/ipfs/porter/ThinkPHP/Lib/Template/ThinkTemplate.class.php 第 807 行.
NOTIC: [8192] preg_replace(): The /e modifier is deprecated, use preg_replace_callback instead /www/wwwroot/ipfs/porter/ThinkPHP/Lib/Template/ThinkTemplate.class.php 第 807 行.
NOTIC: [8192] preg_replace(): The /e modifier is deprecated, use preg_replace_callback instead /www/wwwroot/ipfs/porter/ThinkPHP/Lib/Template/ThinkTemplate.class.php 第 807 行.
NOTIC: [8192] preg_replace(): The /e modifier is deprecated, use preg_replace_callback instead /www/wwwroot/ipfs/porter/ThinkPHP/Lib/Template/ThinkTemplate.class.php 第 807 行.
NOTIC: [8192] preg_replace(): The /e modifier is deprecated, use preg_replace_callback instead /www/wwwroot/ipfs/porter/ThinkPHP/Lib/Template/ThinkTemplate.class.php 第 807 行.
NOTIC: [8192] preg_replace(): The /e modifier is deprecated, use preg_replace_callback instead /www/wwwroot/ipfs/porter/ThinkPHP/Lib/Template/ThinkTemplate.class.php 第 807 行.
NOTIC: [8192] preg_replace(): The /e modifier is deprecated, use preg_replace_callback instead /www/wwwroot/ipfs/porter/ThinkPHP/Lib/Template/ThinkTemplate.class.php 第 807 行.
NOTIC: [8192] preg_replace(): The /e modifier is deprecated, use preg_replace_callback instead /www/wwwroot/ipfs/porter/ThinkPHP/Lib/Template/ThinkTemplate.class.php 第 807 行.
NOTIC: [8192] preg_replace(): The /e modifier is deprecated, use preg_replace_callback instead /www/wwwroot/ipfs/porter/ThinkPHP/Lib/Template/ThinkTemplate.class.php 第 807 行.
NOTIC: [8192] preg_replace(): The /e modifier is deprecated, use preg_replace_callback instead /www/wwwroot/ipfs/porter/ThinkPHP/Lib/Template/ThinkTemplate.class.php 第 807 行.
NOTIC: [8192] preg_replace(): The /e modifier is deprecated, use preg_replace_callback instead /www/wwwroot/ipfs/porter/ThinkPHP/Lib/Template/ThinkTemplate.class.php 第 807 行.
NOTIC: [8192] preg_replace(): The /e modifier is deprecated, use preg_replace_callback instead /www/wwwroot/ipfs/porter/ThinkPHP/Lib/Template/ThinkTemplate.class.php 第 807 行.
NOTIC: [8192] preg_replace(): The /e modifier is deprecated, use preg_replace_callback instead /www/wwwroot/ipfs/porter/ThinkPHP/Lib/Template/ThinkTemplate.class.php 第 807 行.
NOTIC: [8192] preg_replace(): The /e modifier is deprecated, use preg_replace_callback instead /www/wwwroot/ipfs/porter/ThinkPHP/Lib/Template/ThinkTemplate.class.php 第 807 行.
NOTIC: [8192] preg_replace(): The /e modifier is deprecated, use preg_replace_callback instead /www/wwwroot/ipfs/porter/ThinkPHP/Lib/Template/ThinkTemplate.class.php 第 807 行.
NOTIC: [8192] preg_replace(): The /e modifier is deprecated, use preg_replace_callback instead /www/wwwroot/ipfs/porter/ThinkPHP/Lib/Template/ThinkTemplate.class.php 第 807 行.
NOTIC: [8192] preg_replace(): The /e modifier is deprecated, use preg_replace_callback instead /www/wwwroot/ipfs/porter/ThinkPHP/Lib/Template/ThinkTemplate.class.php 第 807 行.
NOTIC: [8192] preg_replace(): The /e modifier is deprecated, use preg_replace_callback instead /www/wwwroot/ipfs/porter/ThinkPHP/Lib/Template/ThinkTemplate.class.php 第 807 行.
NOTIC: [8192] preg_replace(): The /e modifier is deprecated, use preg_replace_callback instead /www/wwwroot/ipfs/porter/ThinkPHP/Lib/Template/ThinkTemplate.class.php 第 807 行.
NOTIC: [8192] preg_replace(): The /e modifier is deprecated, use preg_replace_callback instead /www/wwwroot/ipfs/porter/ThinkPHP/Lib/Template/ThinkTemplate.class.php 第 807 行.
NOTIC: [8192] preg_replace(): The /e modifier is deprecated, use preg_replace_callback instead /www/wwwroot/ipfs/porter/ThinkPHP/Lib/Template/ThinkTemplate.class.php 第 807 行.
NOTIC: [8192] preg_replace(): The /e modifier is deprecated, use preg_replace_callback instead /www/wwwroot/ipfs/porter/ThinkPHP/Lib/Template/ThinkTemplate.class.php 第 807 行.
NOTIC: [8192] preg_replace(): The /e modifier is deprecated, use preg_replace_callback instead /www/wwwroot/ipfs/porter/ThinkPHP/Lib/Template/ThinkTemplate.class.php 第 807 行.
NOTIC: [8192] preg_replace(): The /e modifier is deprecated, use preg_replace_callback instead /www/wwwroot/ipfs/porter/ThinkPHP/Lib/Template/ThinkTemplate.class.php 第 807 行.
NOTIC: [8192] preg_replace(): The /e modifier is deprecated, use preg_replace_callback instead /www/wwwroot/ipfs/porter/ThinkPHP/Lib/Template/ThinkTemplate.class.php 第 807 行.
NOTIC: [8192] preg_replace(): The /e modifier is deprecated, use preg_replace_callback instead /www/wwwroot/ipfs/porter/ThinkPHP/Lib/Template/ThinkTemplate.class.php 第 807 行.
NOTIC: [8192] preg_replace(): The /e modifier is deprecated, use preg_replace_callback instead /www/wwwroot/ipfs/porter/ThinkPHP/Lib/Template/ThinkTemplate.class.php 第 807 行.
NOTIC: [8192] preg_replace(): The /e modifier is deprecated, use preg_replace_callback instead /www/wwwroot/ipfs/porter/ThinkPHP/Lib/Template/ThinkTemplate.class.php 第 807 行.
NOTIC: [8192] preg_replace(): The /e modifier is deprecated, use preg_replace_callback instead /www/wwwroot/ipfs/porter/ThinkPHP/Lib/Template/ThinkTemplate.class.php 第 807 行.
NOTIC: [8192] preg_replace(): The /e modifier is deprecated, use preg_replace_callback instead /www/wwwroot/ipfs/porter/ThinkPHP/Lib/Template/ThinkTemplate.class.php 第 807 行.
NOTIC: [8192] preg_replace(): The /e modifier is deprecated, use preg_replace_callback instead /www/wwwroot/ipfs/porter/ThinkPHP/Lib/Template/ThinkTemplate.class.php 第 807 行.
NOTIC: [8192] preg_replace(): The /e modifier is deprecated, use preg_replace_callback instead /www/wwwroot/ipfs/porter/ThinkPHP/Lib/Template/ThinkTemplate.class.php 第 797 行.
NOTIC: [8192] preg_replace(): The /e modifier is deprecated, use preg_replace_callback instead /www/wwwroot/ipfs/porter/ThinkPHP/Lib/Template/ThinkTemplate.class.php 第 797 行.
NOTIC: [8192] preg_replace(): The /e modifier is deprecated, use preg_replace_callback instead /www/wwwroot/ipfs/porter/ThinkPHP/Lib/Template/ThinkTemplate.class.php 第 797 行.
NOTIC: [8192] preg_replace(): The /e modifier is deprecated, use preg_replace_callback instead /www/wwwroot/ipfs/porter/ThinkPHP/Lib/Template/ThinkTemplate.class.php 第 797 行.
NOTIC: [8192] preg_replace(): The /e modifier is deprecated, use preg_replace_callback instead /www/wwwroot/ipfs/porter/ThinkPHP/Lib/Template/ThinkTemplate.class.php 第 797 行.
NOTIC: [8192] preg_replace(): The /e modifier is deprecated, use preg_replace_callback instead /www/wwwroot/ipfs/porter/ThinkPHP/Lib/Template/ThinkTemplate.class.php 第 797 行.
NOTIC: [8192] preg_replace(): The /e modifier is deprecated, use preg_replace_callback instead /www/wwwroot/ipfs/porter/ThinkPHP/Lib/Template/ThinkTemplate.class.php 第 807 行.
NOTIC: [8192] preg_replace(): The /e modifier is deprecated, use preg_replace_callback instead /www/wwwroot/ipfs/porter/ThinkPHP/Lib/Template/ThinkTemplate.class.php 第 807 行.
NOTIC: [8192] preg_replace(): The /e modifier is deprecated, use preg_replace_callback instead /www/wwwroot/ipfs/porter/ThinkPHP/Lib/Template/ThinkTemplate.class.php 第 807 行.
NOTIC: [8192] preg_replace(): The /e modifier is deprecated, use preg_replace_callback instead /www/wwwroot/ipfs/porter/ThinkPHP/Lib/Template/ThinkTemplate.class.php 第 393 行.
NOTIC: [8192] preg_replace(): The /e modifier is deprecated, use preg_replace_callback instead /www/wwwroot/ipfs/porter/ThinkPHP/Lib/Template/ThinkTemplate.class.php 第 273 行.
INFO: Run ParseTemplate Behavior [ RunTime:0.005906s ]
INFO: [ view_parse ] --END-- [ RunTime:0.005938s ]
INFO: [ view_filter ] --START--
INFO: Run ContentReplace Behavior [ RunTime:0.000253s ]
INFO: Run TokenBuild Behavior [ RunTime:0.000288s ]
INFO: Run WriteHtmlCache Behavior [ RunTime:0.000202s ]
INFO: Run ShowRuntime Behavior [ RunTime:0.000275s ]
INFO: [ view_filter ] --END-- [ RunTime:0.001108s ]
INFO: [ view_end ] --START--
INFO: Run ShowPageTrace Behavior [ RunTime:0.000369s ]
INFO: [ view_end ] --END-- [ RunTime:0.000398s ]

[ 2020-04-22T17:34:34+08:00 ] 119.128.145.211 /favicon.ico
INFO: [ route_check ] --START--
INFO: Run CheckRoute Behavior [ RunTime:0.000458s ]
INFO: [ route_check ] --END-- [ RunTime:0.000511s ]
NOTIC: [8192] preg_replace(): The /e modifier is deprecated, use preg_replace_callback instead /www/wwwroot/ipfs/porter/ThinkPHP/Lib/Core/Dispatcher.class.php 第 249 行.
NOTIC: [8192] preg_replace(): The /e modifier is deprecated, use preg_replace_callback instead /www/wwwroot/ipfs/porter/ThinkPHP/Common/common.php 第 341 行.
NOTIC: [2] stripslashes() expects exactly 1 parameter, 2 given /www/wwwroot/ipfs/porter/ThinkPHP/Lib/Core/App.class.php 第 113 行.
INFO: [ app_begin ] --START--
INFO: Run CheckLang Behavior [ RunTime:0.001187s ]
INFO: [ app_begin ] --END-- [ RunTime:0.001220s ]
NOTIC: [8] A session had already been started - ignoring session_start() /www/wwwroot/ipfs/porter/ThinkPHP/Common/functions.php 第 1131 行.
NOTIC: [8] Undefined variable: group /www/wwwroot/ipfs/porter/ThinkPHP/Lib/Core/App.class.php 第 239 行.
ERR: 无法加载模块:Favicon.ico

